[ERROR Tue 02 Aug 2022 10:08:42 AM IST 1465036920167] .../site/pack/packer/start/packer.nvim/lua/packer/async.lua:20: Error in coroutine: ...ack/packer/start/packer.nvim/lua/packer/plugin_utils.lua:204: Vim(lua):E5108: Error executing lua ...s-context-commentstring/lua/ts_context_commentstring.lua:4: module 'nvim-treesitter' not found:
	no field package.preload['nvim-treesitter']
	no file './nvim-treesitter.lua'
	no file '/home/darko/neovim/.deps/usr/share/luajit-2.1.0-beta3/nvim-treesitter.lua'
	no file '/usr/local/share/lua/5.1/nvim-treesitter.lua'
	no file '/usr/local/share/lua/5.1/nvim-treesitter/init.lua'
	no file '/home/darko/neovim/.deps/usr/share/lua/5.1/nvim-treesitter.lua'
	no file '/home/darko/neovim/.deps/usr/share/lua/5.1/nvim-treesitter/init.lua'
	no file './nvim-treesitter.so'
	no file '/usr/local/lib/lua/5.1/nvim-treesitter.so'
	no file '/home/darko/neovim/.deps/usr/lib/lua/5.1/nvim-treesitter.so'
	no file '/usr/local/lib/lua/5.1/loadall.so'
stack traceback:
	[C]: in function 'require'
	...s-context-commentstring/lua/ts_context_commentstring.lua:4: in function 'init'
	[string ":lua"]:1: in main chunk
	[C]: in function 'resume'
	.../site/pack/packer/start/packer.nvim/lua/packer/async.lua:12: in function <.../site/pack/packer/start/packer.nvim/lua/packer/async.lua:11>
[WARN  Tue 02 Aug 2022 10:08:46 AM IST 1469216321756] ...ite/pack/packer/start/packer.nvim/lua/packer/display.lua:566: Potential breaking change in commit 0dbe2c7 of wbthomason/packer.nvim
[WARN  Tue 02 Aug 2022 10:08:46 AM IST 1469216346899] ...ite/pack/packer/start/packer.nvim/lua/packer/display.lua:566: Potential breaking change in commit 6c75121 of wbthomason/packer.nvim
[WARN  Tue 02 Aug 2022 10:08:52 AM IST 1474914303873] ...ite/pack/packer/start/packer.nvim/lua/packer/display.lua:718: saadparwaiz1/cmp_luasnip wasn't updated; can't revert!
[WARN  Tue 02 Aug 2022 10:08:53 AM IST 1475651282803] ...ite/pack/packer/start/packer.nvim/lua/packer/display.lua:718: nvim-lua/plenary.nvim wasn't updated; can't revert!
