
â”â”â”â”â”â”â”â”â”â”â”â”â”â”â”â”â”â”â”â”â”â”â”â”â”“
â”ƒInitializing eww daemonâ”ƒ
â”—â”â”â”â”â”â”â”â”â”â”â”â”â”â”â”â”â”â”â”â”â”â”â”â”›
    
 2022-07-09T17:38:21.962Z [0m[32mINFO [0m [0m[1meww::ipc_server[0m > IPC server initialized
 2022-07-09T17:39:18.347Z [0m[32mINFO [0m [0m[1meww::app       [0m > Opening window music
 2022-07-09T17:39:19.120Z [0m[32mINFO [0m [0m[1meww::app       [0m > Opening window music
 2022-07-09T17:41:33.737Z [0m[32mINFO [0m [0m[1meww::app       [0m > Opening window music
 2022-07-09T18:09:24.004Z [0m[32mINFO [0m [0m[1meww::app       [0m > Opening window music

â”â”â”â”â”â”â”â”â”â”â”â”â”â”â”â”â”â”â”â”â”â”â”â”â”“
â”ƒInitializing eww daemonâ”ƒ
â”—â”â”â”â”â”â”â”â”â”â”â”â”â”â”â”â”â”â”â”â”â”â”â”â”›
    
 2022-07-09T13:07:08.269Z [0m[32mINFO [0m [0m[1meww::ipc_server[0m > IPC server initialized

â”â”â”â”â”â”â”â”â”â”â”â”â”â”â”â”â”â”â”â”â”â”â”â”â”“
â”ƒInitializing eww daemonâ”ƒ
â”—â”â”â”â”â”â”â”â”â”â”â”â”â”â”â”â”â”â”â”â”â”â”â”â”›
    
 2022-07-09T14:14:43.743Z [0m[32mINFO [0m [0m[1meww::ipc_server[0m > IPC server initialized

â”â”â”â”â”â”â”â”â”â”â”â”â”â”â”â”â”â”â”â”â”â”â”â”â”“
â”ƒInitializing eww daemonâ”ƒ
â”—â”â”â”â”â”â”â”â”â”â”â”â”â”â”â”â”â”â”â”â”â”â”â”â”›
    
 2022-07-09T14:23:55.232Z [0m[32mINFO [0m [0m[1meww::ipc_server[0m > IPC server initialized

â”â”â”â”â”â”â”â”â”â”â”â”â”â”â”â”â”â”â”â”â”â”â”â”â”“
â”ƒInitializing eww daemonâ”ƒ
â”—â”â”â”â”â”â”â”â”â”â”â”â”â”â”â”â”â”â”â”â”â”â”â”â”›
    
 2022-07-09T15:42:58.721Z [0m[32mINFO [0m [0m[1meww::ipc_server[0m > IPC server initialized

â”â”â”â”â”â”â”â”â”â”â”â”â”â”â”â”â”â”â”â”â”â”â”â”â”“
â”ƒInitializing eww daemonâ”ƒ
â”—â”â”â”â”â”â”â”â”â”â”â”â”â”â”â”â”â”â”â”â”â”â”â”â”›
    
 2022-07-09T15:45:50.485Z [0m[32mINFO [0m [0m[1meww::ipc_server[0m > IPC server initialized

â”â”â”â”â”â”â”â”â”â”â”â”â”â”â”â”â”â”â”â”â”â”â”â”â”“
â”ƒInitializing eww daemonâ”ƒ
â”—â”â”â”â”â”â”â”â”â”â”â”â”â”â”â”â”â”â”â”â”â”â”â”â”›
    
 2022-07-12T10:26:11.889Z [0m[32mINFO [0m [0m[1meww::ipc_server[0m > IPC server initialized

â”â”â”â”â”â”â”â”â”â”â”â”â”â”â”â”â”â”â”â”â”â”â”â”â”“
â”ƒInitializing eww daemonâ”ƒ
â”—â”â”â”â”â”â”â”â”â”â”â”â”â”â”â”â”â”â”â”â”â”â”â”â”›
    
 2022-07-12T11:41:31.325Z [0m[32mINFO [0m [0m[1meww::ipc_server[0m > IPC server initialized

â”â”â”â”â”â”â”â”â”â”â”â”â”â”â”â”â”â”â”â”â”â”â”â”â”“
â”ƒInitializing eww daemonâ”ƒ
â”—â”â”â”â”â”â”â”â”â”â”â”â”â”â”â”â”â”â”â”â”â”â”â”â”›
    
 2022-07-12T11:42:20.425Z [0m[32mINFO [0m [0m[1meww::ipc_server[0m > IPC server initialized

â”â”â”â”â”â”â”â”â”â”â”â”â”â”â”â”â”â”â”â”â”â”â”â”â”“
â”ƒInitializing eww daemonâ”ƒ
â”—â”â”â”â”â”â”â”â”â”â”â”â”â”â”â”â”â”â”â”â”â”â”â”â”›
    
 2022-07-12T11:47:52.924Z [0m[32mINFO [0m [0m[1meww::ipc_server[0m > IPC server initialized

â”â”â”â”â”â”â”â”â”â”â”â”â”â”â”â”â”â”â”â”â”â”â”â”â”“
â”ƒInitializing eww daemonâ”ƒ
â”—â”â”â”â”â”â”â”â”â”â”â”â”â”â”â”â”â”â”â”â”â”â”â”â”›
    
 2022-07-12T11:50:25.355Z [0m[32mINFO [0m [0m[1meww::ipc_server[0m > IPC server initialized

â”â”â”â”â”â”â”â”â”â”â”â”â”â”â”â”â”â”â”â”â”â”â”â”â”“
â”ƒInitializing eww daemonâ”ƒ
â”—â”â”â”â”â”â”â”â”â”â”â”â”â”â”â”â”â”â”â”â”â”â”â”â”›
    
 2022-07-12T07:02:31.230Z [0m[32mINFO [0m [0m[1meww::ipc_server[0m > IPC server initialized

â”â”â”â”â”â”â”â”â”â”â”â”â”â”â”â”â”â”â”â”â”â”â”â”â”“
â”ƒInitializing eww daemonâ”ƒ
â”—â”â”â”â”â”â”â”â”â”â”â”â”â”â”â”â”â”â”â”â”â”â”â”â”›
    
 2022-07-13T04:15:04.380Z [0m[32mINFO [0m [0m[1meww::ipc_server[0m > IPC server initialized

â”â”â”â”â”â”â”â”â”â”â”â”â”â”â”â”â”â”â”â”â”â”â”â”â”“
â”ƒInitializing eww daemonâ”ƒ
â”—â”â”â”â”â”â”â”â”â”â”â”â”â”â”â”â”â”â”â”â”â”â”â”â”›
    
 2022-07-13T07:54:58.156Z [0m[32mINFO [0m [0m[1meww::ipc_server[0m > IPC server initialized
 2022-07-13T08:28:10.259Z [0m[32mINFO [0m [0m[1meww::server    [0m > Shutting down eww daemon...
 2022-07-13T08:28:10.260Z [0m[32mINFO [0m [0m[1meww::app       [0m > Received kill command, stopping server!
