
â”â”â”â”â”â”â”â”â”â”â”â”â”â”â”â”â”â”â”â”â”â”â”â”â”“
â”ƒInitializing eww daemonâ”ƒ
â”—â”â”â”â”â”â”â”â”â”â”â”â”â”â”â”â”â”â”â”â”â”â”â”â”›
    
 2022-07-09T17:38:21.962Z [0m[32mINFO [0m [0m[1meww::ipc_server[0m > IPC server initialized
 2022-07-09T17:49:20.543Z [0m[32mINFO [0m [0m[1meww::app       [0m > Opening window vpn

â”â”â”â”â”â”â”â”â”â”â”â”â”â”â”â”â”â”â”â”â”â”â”â”â”“
â”ƒInitializing eww daemonâ”ƒ
â”—â”â”â”â”â”â”â”â”â”â”â”â”â”â”â”â”â”â”â”â”â”â”â”â”›
    
 2022-07-09T13:07:08.303Z [0m[32mINFO [0m [0m[1meww::ipc_server[0m > IPC server initialized

â”â”â”â”â”â”â”â”â”â”â”â”â”â”â”â”â”â”â”â”â”â”â”â”â”“
â”ƒInitializing eww daemonâ”ƒ
â”—â”â”â”â”â”â”â”â”â”â”â”â”â”â”â”â”â”â”â”â”â”â”â”â”›
    
 2022-07-09T14:14:43.770Z [0m[32mINFO [0m [0m[1meww::ipc_server[0m > IPC server initialized

â”â”â”â”â”â”â”â”â”â”â”â”â”â”â”â”â”â”â”â”â”â”â”â”â”“
â”ƒInitializing eww daemonâ”ƒ
â”—â”â”â”â”â”â”â”â”â”â”â”â”â”â”â”â”â”â”â”â”â”â”â”â”›
    
 2022-07-09T14:23:55.234Z [0m[32mINFO [0m [0m[1meww::ipc_server[0m > IPC server initialized

â”â”â”â”â”â”â”â”â”â”â”â”â”â”â”â”â”â”â”â”â”â”â”â”â”“
â”ƒInitializing eww daemonâ”ƒ
â”—â”â”â”â”â”â”â”â”â”â”â”â”â”â”â”â”â”â”â”â”â”â”â”â”›
    
 2022-07-09T15:42:58.721Z [0m[32mINFO [0m [0m[1meww::ipc_server[0m > IPC server initialized

â”â”â”â”â”â”â”â”â”â”â”â”â”â”â”â”â”â”â”â”â”â”â”â”â”“
â”ƒInitializing eww daemonâ”ƒ
â”—â”â”â”â”â”â”â”â”â”â”â”â”â”â”â”â”â”â”â”â”â”â”â”â”›
    
 2022-07-09T15:45:50.502Z [0m[32mINFO [0m [0m[1meww::ipc_server[0m > IPC server initialized

â”â”â”â”â”â”â”â”â”â”â”â”â”â”â”â”â”â”â”â”â”â”â”â”â”“
â”ƒInitializing eww daemonâ”ƒ
â”—â”â”â”â”â”â”â”â”â”â”â”â”â”â”â”â”â”â”â”â”â”â”â”â”›
    
 2022-07-12T10:26:11.870Z [0m[32mINFO [0m [0m[1meww::ipc_server[0m > IPC server initialized

â”â”â”â”â”â”â”â”â”â”â”â”â”â”â”â”â”â”â”â”â”â”â”â”â”“
â”ƒInitializing eww daemonâ”ƒ
â”—â”â”â”â”â”â”â”â”â”â”â”â”â”â”â”â”â”â”â”â”â”â”â”â”›
    
 2022-07-12T11:41:31.321Z [0m[32mINFO [0m [0m[1meww::ipc_server[0m > IPC server initialized

â”â”â”â”â”â”â”â”â”â”â”â”â”â”â”â”â”â”â”â”â”â”â”â”â”“
â”ƒInitializing eww daemonâ”ƒ
â”—â”â”â”â”â”â”â”â”â”â”â”â”â”â”â”â”â”â”â”â”â”â”â”â”›
    
 2022-07-12T11:42:20.422Z [0m[32mINFO [0m [0m[1meww::ipc_server[0m > IPC server initialized

â”â”â”â”â”â”â”â”â”â”â”â”â”â”â”â”â”â”â”â”â”â”â”â”â”“
â”ƒInitializing eww daemonâ”ƒ
â”—â”â”â”â”â”â”â”â”â”â”â”â”â”â”â”â”â”â”â”â”â”â”â”â”›
    
 2022-07-12T11:47:52.952Z [0m[32mINFO [0m [0m[1meww::ipc_server[0m > IPC server initialized

â”â”â”â”â”â”â”â”â”â”â”â”â”â”â”â”â”â”â”â”â”â”â”â”â”“
â”ƒInitializing eww daemonâ”ƒ
â”—â”â”â”â”â”â”â”â”â”â”â”â”â”â”â”â”â”â”â”â”â”â”â”â”›
    
 2022-07-12T11:50:25.316Z [0m[32mINFO [0m [0m[1meww::ipc_server[0m > IPC server initialized

â”â”â”â”â”â”â”â”â”â”â”â”â”â”â”â”â”â”â”â”â”â”â”â”â”“
â”ƒInitializing eww daemonâ”ƒ
â”—â”â”â”â”â”â”â”â”â”â”â”â”â”â”â”â”â”â”â”â”â”â”â”â”›
    
 2022-07-12T07:02:31.240Z [0m[32mINFO [0m [0m[1meww::ipc_server[0m > IPC server initialized

â”â”â”â”â”â”â”â”â”â”â”â”â”â”â”â”â”â”â”â”â”â”â”â”â”“
â”ƒInitializing eww daemonâ”ƒ
â”—â”â”â”â”â”â”â”â”â”â”â”â”â”â”â”â”â”â”â”â”â”â”â”â”›
    
 2022-07-13T04:15:04.394Z [0m[32mINFO [0m [0m[1meww::ipc_server[0m > IPC server initialized

â”â”â”â”â”â”â”â”â”â”â”â”â”â”â”â”â”â”â”â”â”â”â”â”â”“
â”ƒInitializing eww daemonâ”ƒ
â”—â”â”â”â”â”â”â”â”â”â”â”â”â”â”â”â”â”â”â”â”â”â”â”â”›
    
 2022-07-13T07:54:58.191Z [0m[32mINFO [0m [0m[1meww::ipc_server[0m > IPC server initialized
 2022-07-13T08:28:10.260Z [0m[32mINFO [0m [0m[1meww::server    [0m > Shutting down eww daemon...
