[    20.160] 
X.Org X Server 1.21.1.4
X Protocol Version 11, Revision 0
[    20.160] Current Operating System: Linux ArchDarko 5.15.55-1-lts #1 SMP Fri, 15 Jul 2022 11:28:54 +0000 x86_64
[    20.160] Kernel command line: BOOT_IMAGE=/boot/vmlinuz-linux-lts root=UUID=361de468-21ff-480c-bc83-7271d36d5fd2 rw loglevel=3 quiet
[    20.160]  
[    20.160] Current version of pixman: 0.40.0
[    20.160] 	Before reporting problems, check http://wiki.x.org
	to make sure that you have the latest version.
[    20.160] Markers: (--) probed, (**) from config file, (==) default setting,
	(++) from command line, (!!) notice, (II) informational,
	(WW) warning, (EE) error, (NI) not implemented, (??) unknown.
[    20.161] (==) Log file: "/home/darko/.local/share/xorg/Xorg.0.log", Time: Tue Aug 16 11:14:32 2022
[    20.164] (==) Using config directory: "/etc/X11/xorg.conf.d"
[    20.164] (==) Using system config directory "/usr/share/X11/xorg.conf.d"
[    20.165] (==) No Layout section.  Using the first Screen section.
[    20.165] (==) No screen section available. Using defaults.
[    20.165] (**) |-->Screen "Default Screen Section" (0)
[    20.165] (**) |   |-->Monitor "<default monitor>"
[    20.165] (==) No monitor specified for screen "Default Screen Section".
	Using a default monitor configuration.
[    20.165] (==) Automatically adding devices
[    20.165] (==) Automatically enabling devices
[    20.165] (==) Automatically adding GPU devices
[    20.165] (==) Automatically binding GPU devices
[    20.166] (==) Max clients allowed: 256, resource mask: 0x1fffff
[    20.166] (WW) The directory "/usr/share/fonts/misc" does not exist.
[    20.166] 	Entry deleted from font path.
[    20.166] (WW) The directory "/usr/share/fonts/TTF" does not exist.
[    20.166] 	Entry deleted from font path.
[    20.166] (WW) The directory "/usr/share/fonts/OTF" does not exist.
[    20.166] 	Entry deleted from font path.
[    20.166] (WW) The directory "/usr/share/fonts/Type1" does not exist.
[    20.166] 	Entry deleted from font path.
[    20.168] (==) FontPath set to:
	/usr/share/fonts/100dpi,
	/usr/share/fonts/75dpi
[    20.168] (==) ModulePath set to "/usr/lib/xorg/modules"
[    20.168] (II) The server relies on udev to provide the list of input devices.
	If no devices become available, reconfigure udev or disable AutoAddDevices.
[    20.168] (II) Module ABI versions:
[    20.168] 	X.Org ANSI C Emulation: 0.4
[    20.168] 	X.Org Video Driver: 25.2
[    20.168] 	X.Org XInput driver : 24.4
[    20.168] 	X.Org Server Extension : 10.0
[    20.168] (++) using VT number 2

[    20.168] (--) controlling tty is VT number 2, auto-enabling KeepTty
[    20.169] (II) systemd-logind: took control of session /org/freedesktop/login1/session/_31
[    20.170] (II) xfree86: Adding drm device (/dev/dri/card1)
[    20.170] (II) Platform probe for /sys/devices/pci0000:00/0000:00:01.0/0000:01:00.0/drm/card1
[    20.170] (II) systemd-logind: got fd for /dev/dri/card1 226:1 fd 13 paused 0
[    20.170] (II) xfree86: Adding drm device (/dev/dri/card0)
[    20.170] (II) Platform probe for /sys/devices/pci0000:00/0000:00:02.0/drm/card0
[    20.170] (II) systemd-logind: got fd for /dev/dri/card0 226:0 fd 14 paused 0
[    20.171] (**) OutputClass "nvidia" ModulePath extended to "/usr/lib/nvidia/xorg,/usr/lib/xorg/modules,/usr/lib/xorg/modules"
[    20.171] (**) OutputClass "nvidia" ModulePath extended to "/usr/lib/nvidia/xorg,/usr/lib/xorg/modules,/usr/lib/nvidia/xorg,/usr/lib/xorg/modules,/usr/lib/xorg/modules"
[    20.171] (**) OutputClass "nvidia" setting /dev/dri/card1 as PrimaryGPU
[    20.172] (--) PCI: (0@0:2:0) 8086:3e9b:1043:106f rev 0, Mem @ 0xa2000000/16777216, 0x80000000/268435456, I/O @ 0x00005000/64, BIOS @ 0x????????/131072
[    20.172] (--) PCI:*(1@0:0:0) 10de:1f91:1043:106f rev 161, Mem @ 0xa3000000/16777216, 0x90000000/268435456, 0xa0000000/33554432, I/O @ 0x00004000/128, BIOS @ 0x????????/524288
[    20.172] (WW) Open ACPI failed (/var/run/acpid.socket) (No such file or directory)
[    20.172] (II) LoadModule: "glx"
[    20.173] (II) Loading /usr/lib/xorg/modules/extensions/libglx.so
[    20.178] (II) Module glx: vendor="X.Org Foundation"
[    20.178] 	compiled for 1.21.1.4, module version = 1.0.0
[    20.178] 	ABI class: X.Org Server Extension, version 10.0
[    20.178] (II) Applying OutputClass "nvidia" to /dev/dri/card1
[    20.178] 	loading driver: nvidia
[    20.178] (II) Applying OutputClass "nvidia" to /dev/dri/card1
[    20.178] 	loading driver: nvidia
[    20.178] (II) Applying OutputClass "intel" to /dev/dri/card0
[    20.178] 	loading driver: modesetting
[    20.178] (==) Matched nvidia as autoconfigured driver 0
[    20.178] (==) Matched nouveau as autoconfigured driver 1
[    20.178] (==) Matched nv as autoconfigured driver 2
[    20.178] (==) Matched modesetting as autoconfigured driver 3
[    20.178] (==) Matched intel as autoconfigured driver 4
[    20.178] (==) Matched fbdev as autoconfigured driver 5
[    20.178] (==) Matched vesa as autoconfigured driver 6
[    20.178] (==) Assigned the driver to the xf86ConfigLayout
[    20.178] (II) LoadModule: "nvidia"
[    20.179] (II) Loading /usr/lib/xorg/modules/drivers/nvidia_drv.so
[    20.182] (II) Module nvidia: vendor="NVIDIA Corporation"
[    20.182] 	compiled for 1.6.99.901, module version = 1.0.0
[    20.182] 	Module class: X.Org Video Driver
[    20.183] (II) LoadModule: "nouveau"
[    20.184] (WW) Warning, couldn't open module nouveau
[    20.184] (EE) Failed to load module "nouveau" (module does not exist, 0)
[    20.184] (II) LoadModule: "nv"
[    20.184] (WW) Warning, couldn't open module nv
[    20.184] (EE) Failed to load module "nv" (module does not exist, 0)
[    20.184] (II) LoadModule: "modesetting"
[    20.184] (II) Loading /usr/lib/xorg/modules/drivers/modesetting_drv.so
[    20.186] (II) Module modesetting: vendor="X.Org Foundation"
[    20.186] 	compiled for 1.21.1.4, module version = 1.21.1
[    20.186] 	Module class: X.Org Video Driver
[    20.186] 	ABI class: X.Org Video Driver, version 25.2
[    20.186] (II) LoadModule: "intel"
[    20.186] (WW) Warning, couldn't open module intel
[    20.186] (EE) Failed to load module "intel" (module does not exist, 0)
[    20.186] (II) LoadModule: "fbdev"
[    20.187] (WW) Warning, couldn't open module fbdev
[    20.187] (EE) Failed to load module "fbdev" (module does not exist, 0)
[    20.187] (II) LoadModule: "vesa"
[    20.187] (II) Loading /usr/lib/xorg/modules/drivers/vesa_drv.so
[    20.187] (II) Module vesa: vendor="X.Org Foundation"
[    20.187] 	compiled for 1.21.1.3, module version = 2.5.0
[    20.187] 	Module class: X.Org Video Driver
[    20.187] 	ABI class: X.Org Video Driver, version 25.2
[    20.187] (II) NVIDIA dlloader X Driver  515.57  Wed Jun 22 22:37:27 UTC 2022
[    20.187] (II) NVIDIA Unified Driver for all Supported NVIDIA GPUs
[    20.187] (II) modesetting: Driver for Modesetting Kernel Drivers: kms
[    20.187] (II) VESA: driver for VESA chipsets: vesa
[    20.187] xf86EnableIO: failed to enable I/O ports 0000-03ff (Operation not permitted)
[    20.187] (II) systemd-logind: releasing fd for 226:1
[    20.216] (II) Loading sub module "fb"
[    20.216] (II) LoadModule: "fb"
[    20.216] (II) Module "fb" already built-in
[    20.216] (II) Loading sub module "wfb"
[    20.216] (II) LoadModule: "wfb"
[    20.216] (II) Loading /usr/lib/xorg/modules/libwfb.so
[    20.217] (II) Module wfb: vendor="X.Org Foundation"
[    20.217] 	compiled for 1.21.1.4, module version = 1.0.0
[    20.217] 	ABI class: X.Org ANSI C Emulation, version 0.4
[    20.217] (II) Loading sub module "ramdac"
[    20.217] (II) LoadModule: "ramdac"
[    20.217] (II) Module "ramdac" already built-in
[    20.218] (WW) Falling back to old probe method for modesetting
[    20.218] (II) modeset(G0): using drv /dev/dri/card0
[    20.218] (WW) VGA arbiter: cannot open kernel arbiter, no multi-card support
[    20.218] (II) NVIDIA(0): Creating default Display subsection in Screen section
	"Default Screen Section" for depth/fbbpp 24/32
[    20.218] (==) NVIDIA(0): Depth 24, (==) framebuffer bpp 32
[    20.218] (==) NVIDIA(0): RGB weight 888
[    20.218] (==) NVIDIA(0): Default visual is TrueColor
[    20.218] (==) NVIDIA(0): Using gamma correction (1.0, 1.0, 1.0)
[    20.218] (II) Applying OutputClass "nvidia" options to /dev/dri/card1
[    20.218] (II) Applying OutputClass "nvidia" options to /dev/dri/card1
[    20.218] (**) NVIDIA(0): Option "AllowEmptyInitialConfiguration"
[    20.218] (**) NVIDIA(0): Enabling 2D acceleration
[    20.218] (II) Loading sub module "glxserver_nvidia"
[    20.218] (II) LoadModule: "glxserver_nvidia"
[    20.218] (II) Loading /usr/lib/nvidia/xorg/libglxserver_nvidia.so
[    20.257] (II) Module glxserver_nvidia: vendor="NVIDIA Corporation"
[    20.257] 	compiled for 1.6.99.901, module version = 1.0.0
[    20.257] 	Module class: X.Org Server Extension
[    20.257] (II) NVIDIA GLX Module  515.57  Wed Jun 22 22:33:44 UTC 2022
[    20.259] (II) NVIDIA: The X server supports PRIME Render Offload.
[    20.260] (--) NVIDIA(0): Valid display device(s) on GPU-0 at PCI:1:0:0
[    20.260] (--) NVIDIA(0):     DFP-0 (boot)
[    20.264] (II) NVIDIA(0): NVIDIA GPU NVIDIA GeForce GTX 1650 (TU117-A) at PCI:1:0:0
[    20.264] (II) NVIDIA(0):     (GPU-0)
[    20.264] (--) NVIDIA(0): Memory: 4194304 kBytes
[    20.264] (--) NVIDIA(0): VideoBIOS: 90.17.15.00.1d
[    20.264] (II) NVIDIA(0): Detected PCI Express Link width: 16X
[    20.309] (--) NVIDIA(GPU-0): Samsung LC27T55 (DFP-0): connected
[    20.309] (--) NVIDIA(GPU-0): Samsung LC27T55 (DFP-0): Internal TMDS
[    20.309] (--) NVIDIA(GPU-0): Samsung LC27T55 (DFP-0): 600.0 MHz maximum pixel clock
[    20.309] (--) NVIDIA(GPU-0): 
[    20.402] (==) NVIDIA(0): 
[    20.402] (==) NVIDIA(0): No modes were requested; the default mode "nvidia-auto-select"
[    20.402] (==) NVIDIA(0):     will be used as the requested mode.
[    20.402] (==) NVIDIA(0): 
[    20.404] (II) NVIDIA(0): Validated MetaModes:
[    20.404] (II) NVIDIA(0):     "DFP-0:nvidia-auto-select"
[    20.404] (II) NVIDIA(0): Virtual screen size determined to be 1920 x 1080
[    20.503] (--) NVIDIA(0): DPI set to (79, 78); computed from "UseEdidDpi" X config
[    20.503] (--) NVIDIA(0):     option
[    20.503] (==) modeset(G0): Depth 24, (==) framebuffer bpp 32
[    20.503] (==) modeset(G0): RGB weight 888
[    20.503] (==) modeset(G0): Default visual is TrueColor
[    20.503] (II) Loading sub module "glamoregl"
[    20.503] (II) LoadModule: "glamoregl"
[    20.503] (II) Loading /usr/lib/xorg/modules/libglamoregl.so
[    20.518] (II) Module glamoregl: vendor="X.Org Foundation"
[    20.518] 	compiled for 1.21.1.4, module version = 1.0.1
[    20.518] 	ABI class: X.Org ANSI C Emulation, version 0.4
[    20.823] (II) modeset(G0): glamor X acceleration enabled on Mesa Intel(R) UHD Graphics 630 (CFL GT2)
[    20.824] (II) modeset(G0): glamor initialized
[    20.825] (II) modeset(G0): Output eDP-1-1 has no monitor section
[    20.828] (II) modeset(G0): EDID for output eDP-1-1
[    20.828] (II) modeset(G0): Manufacturer: LGD  Model: 563  Serial#: 0
[    20.828] (II) modeset(G0): Year: 2018  Week: 0
[    20.828] (II) modeset(G0): EDID Version: 1.4
[    20.828] (II) modeset(G0): Digital Display Input
[    20.828] (II) modeset(G0): 8 bits per channel
[    20.828] (II) modeset(G0): Digital interface is DisplayPort
[    20.828] (II) modeset(G0): Max Image Size [cm]: horiz.: 34  vert.: 19
[    20.828] (II) modeset(G0): Gamma: 2.20
[    20.828] (II) modeset(G0): No DPMS capabilities specified
[    20.828] (II) modeset(G0): Supported color encodings: RGB 4:4:4 
[    20.828] (II) modeset(G0): First detailed timing is preferred mode
[    20.828] (II) modeset(G0): Preferred mode is native pixel format and refresh rate
[    20.828] (II) modeset(G0): redX: 0.590 redY: 0.370   greenX: 0.350 greenY: 0.555
[    20.828] (II) modeset(G0): blueX: 0.155 blueY: 0.110   whiteX: 0.313 whiteY: 0.329
[    20.828] (II) modeset(G0): Manufacturer's mask: 0
[    20.828] (II) modeset(G0): Supported detailed timing:
[    20.828] (II) modeset(G0): clock: 138.6 MHz   Image Size:  344 x 194 mm
[    20.828] (II) modeset(G0): h_active: 1920  h_sync: 1968  h_sync_end 2000 h_blank_end 2080 h_border: 0
[    20.828] (II) modeset(G0): v_active: 1080  v_sync: 1083  v_sync_end 1088 v_blanking: 1111 v_border: 0
[    20.828] (II) modeset(G0):  LG Display
[    20.828] (II) modeset(G0):  LP156WFC-SPD1
[    20.828] (II) modeset(G0): EDID (in hex):
[    20.828] (II) modeset(G0): 	00ffffffffffff0030e4630500000000
[    20.828] (II) modeset(G0): 	001c0104a52213780238d5975e598e27
[    20.828] (II) modeset(G0): 	1c505400000001010101010101010101
[    20.828] (II) modeset(G0): 	010101010101243680a070381f403020
[    20.828] (II) modeset(G0): 	350058c2100000190000000000000000
[    20.828] (II) modeset(G0): 	00000000000000000000000000fe004c
[    20.828] (II) modeset(G0): 	4720446973706c61790a2020000000fe
[    20.828] (II) modeset(G0): 	004c503135365746432d5350443100c0
[    20.828] (II) modeset(G0): Printing probed modes for output eDP-1-1
[    20.828] (II) modeset(G0): Modeline "1920x1080"x60.0  138.60  1920 1968 2000 2080  1080 1083 1088 1111 -hsync -vsync (66.6 kHz eP)
[    20.828] (II) modeset(G0): Modeline "1920x1080"x119.9  266.50  1920 1944 1960 2000  1080 1081 1084 1111 doublescan +hsync -vsync (133.2 kHz d)
[    20.828] (II) modeset(G0): Modeline "1920x1080"x60.0  173.00  1920 2048 2248 2576  1080 1083 1088 1120 -hsync +vsync (67.2 kHz d)
[    20.828] (II) modeset(G0): Modeline "1920x1080"x59.9  138.50  1920 1968 2000 2080  1080 1083 1088 1111 +hsync -vsync (66.6 kHz d)
[    20.828] (II) modeset(G0): Modeline "1680x1050"x60.0  146.25  1680 1784 1960 2240  1050 1053 1059 1089 -hsync +vsync (65.3 kHz d)
[    20.828] (II) modeset(G0): Modeline "1680x1050"x59.9  119.00  1680 1728 1760 1840  1050 1053 1059 1080 +hsync -vsync (64.7 kHz d)
[    20.828] (II) modeset(G0): Modeline "1400x1050"x60.0  122.00  1400 1488 1640 1880  1050 1052 1064 1082 +hsync +vsync (64.9 kHz d)
[    20.828] (II) modeset(G0): Modeline "1600x900"x120.0  246.00  1600 1728 1900 2200  900 901 904 932 doublescan -hsync +vsync (111.8 kHz d)
[    20.828] (II) modeset(G0): Modeline "1600x900"x119.9  186.50  1600 1624 1640 1680  900 901 904 926 doublescan +hsync -vsync (111.0 kHz d)
[    20.828] (II) modeset(G0): Modeline "1600x900"x59.9  118.25  1600 1696 1856 2112  900 903 908 934 -hsync +vsync (56.0 kHz d)
[    20.828] (II) modeset(G0): Modeline "1600x900"x59.8   97.50  1600 1648 1680 1760  900 903 908 926 +hsync -vsync (55.4 kHz d)
[    20.828] (II) modeset(G0): Modeline "1280x1024"x60.0  108.00  1280 1328 1440 1688  1024 1025 1028 1066 +hsync +vsync (64.0 kHz d)
[    20.828] (II) modeset(G0): Modeline "1400x900"x60.0  103.50  1400 1480 1624 1848  900 903 913 934 -hsync +vsync (56.0 kHz d)
[    20.828] (II) modeset(G0): Modeline "1400x900"x59.9   86.50  1400 1448 1480 1560  900 903 913 926 +hsync -vsync (55.4 kHz d)
[    20.828] (II) modeset(G0): Modeline "1280x960"x60.0  108.00  1280 1376 1488 1800  960 961 964 1000 +hsync +vsync (60.0 kHz d)
[    20.828] (II) modeset(G0): Modeline "1440x810"x120.0  198.12  1440 1548 1704 1968  810 811 814 839 doublescan -hsync +vsync (100.7 kHz d)
[    20.828] (II) modeset(G0): Modeline "1440x810"x119.9  151.88  1440 1464 1480 1520  810 811 814 833 doublescan +hsync -vsync (99.9 kHz d)
[    20.828] (II) modeset(G0): Modeline "1368x768"x59.9   85.25  1368 1440 1576 1784  768 771 781 798 -hsync +vsync (47.8 kHz d)
[    20.828] (II) modeset(G0): Modeline "1368x768"x59.9   72.25  1368 1416 1448 1528  768 771 781 790 +hsync -vsync (47.3 kHz d)
[    20.828] (II) modeset(G0): Modeline "1280x800"x120.0  174.25  1280 1380 1516 1752  800 801 804 829 doublescan -hsync +vsync (99.5 kHz d)
[    20.828] (II) modeset(G0): Modeline "1280x800"x119.9  134.25  1280 1304 1320 1360  800 801 804 823 doublescan +hsync -vsync (98.7 kHz d)
[    20.828] (II) modeset(G0): Modeline "1280x800"x59.8   83.50  1280 1352 1480 1680  800 803 809 831 -hsync +vsync (49.7 kHz d)
[    20.828] (II) modeset(G0): Modeline "1280x800"x59.9   71.00  1280 1328 1360 1440  800 803 809 823 +hsync -vsync (49.3 kHz d)
[    20.828] (II) modeset(G0): Modeline "1280x720"x120.0  156.12  1280 1376 1512 1744  720 721 724 746 doublescan -hsync +vsync (89.5 kHz d)
[    20.828] (II) modeset(G0): Modeline "1280x720"x120.0  120.75  1280 1304 1320 1360  720 721 724 740 doublescan +hsync -vsync (88.8 kHz d)
[    20.828] (II) modeset(G0): Modeline "1280x720"x59.9   74.50  1280 1344 1472 1664  720 723 728 748 -hsync +vsync (44.8 kHz d)
[    20.828] (II) modeset(G0): Modeline "1280x720"x59.7   63.75  1280 1328 1360 1440  720 723 728 741 +hsync -vsync (44.3 kHz d)
[    20.828] (II) modeset(G0): Modeline "1024x768"x120.1  133.47  1024 1100 1212 1400  768 768 770 794 doublescan -hsync +vsync (95.3 kHz d)
[    20.828] (II) modeset(G0): Modeline "1024x768"x60.0   65.00  1024 1048 1184 1344  768 771 777 806 -hsync -vsync (48.4 kHz d)
[    20.828] (II) modeset(G0): Modeline "960x720"x120.0  117.00  960 1024 1128 1300  720 720 722 750 doublescan -hsync +vsync (90.0 kHz d)
[    20.828] (II) modeset(G0): Modeline "928x696"x120.1  109.15  928 976 1088 1264  696 696 698 719 doublescan -hsync +vsync (86.4 kHz d)
[    20.829] (II) modeset(G0): Modeline "896x672"x120.0  102.40  896 960 1060 1224  672 672 674 697 doublescan -hsync +vsync (83.7 kHz d)
[    20.829] (II) modeset(G0): Modeline "1024x576"x119.9   98.50  1024 1092 1200 1376  576 577 580 597 doublescan -hsync +vsync (71.6 kHz d)
[    20.829] (II) modeset(G0): Modeline "1024x576"x119.9   78.38  1024 1048 1064 1104  576 577 580 592 doublescan +hsync -vsync (71.0 kHz d)
[    20.829] (II) modeset(G0): Modeline "1024x576"x59.9   46.50  1024 1064 1160 1296  576 579 584 599 -hsync +vsync (35.9 kHz d)
[    20.829] (II) modeset(G0): Modeline "1024x576"x59.8   42.00  1024 1072 1104 1184  576 579 584 593 +hsync -vsync (35.5 kHz d)
[    20.829] (II) modeset(G0): Modeline "960x600"x119.9   96.62  960 1028 1128 1296  600 601 604 622 doublescan -hsync +vsync (74.6 kHz d)
[    20.829] (II) modeset(G0): Modeline "960x600"x120.0   77.00  960 984 1000 1040  600 601 604 617 doublescan +hsync -vsync (74.0 kHz d)
[    20.829] (II) modeset(G0): Modeline "960x540"x119.9   86.50  960 1024 1124 1288  540 541 544 560 doublescan -hsync +vsync (67.2 kHz d)
[    20.829] (II) modeset(G0): Modeline "960x540"x120.0   69.25  960 984 1000 1040  540 541 544 555 doublescan +hsync -vsync (66.6 kHz d)
[    20.829] (II) modeset(G0): Modeline "960x540"x59.6   40.75  960 992 1088 1216  540 543 548 562 -hsync +vsync (33.5 kHz d)
[    20.829] (II) modeset(G0): Modeline "960x540"x59.8   37.25  960 1008 1040 1120  540 543 548 556 +hsync -vsync (33.3 kHz d)
[    20.829] (II) modeset(G0): Modeline "800x600"x120.0   81.00  800 832 928 1080  600 600 602 625 doublescan +hsync +vsync (75.0 kHz d)
[    20.829] (II) modeset(G0): Modeline "800x600"x60.3   40.00  800 840 968 1056  600 601 605 628 +hsync +vsync (37.9 kHz d)
[    20.829] (II) modeset(G0): Modeline "800x600"x56.2   36.00  800 824 896 1024  600 601 603 625 +hsync +vsync (35.2 kHz d)
[    20.829] (II) modeset(G0): Modeline "840x525"x120.0   73.12  840 892 980 1120  525 526 529 544 doublescan -hsync +vsync (65.3 kHz d)
[    20.829] (II) modeset(G0): Modeline "840x525"x119.8   59.50  840 864 880 920  525 526 529 540 doublescan +hsync -vsync (64.7 kHz d)
[    20.829] (II) modeset(G0): Modeline "864x486"x59.9   32.50  864 888 968 1072  486 489 494 506 -hsync +vsync (30.3 kHz d)
[    20.829] (II) modeset(G0): Modeline "864x486"x59.6   30.50  864 912 944 1024  486 489 494 500 +hsync -vsync (29.8 kHz d)
[    20.829] (II) modeset(G0): Modeline "700x525"x120.0   61.00  700 744 820 940  525 526 532 541 doublescan +hsync +vsync (64.9 kHz d)
[    20.829] (II) modeset(G0): Modeline "800x450"x119.9   59.12  800 848 928 1056  450 451 454 467 doublescan -hsync +vsync (56.0 kHz d)
[    20.829] (II) modeset(G0): Modeline "800x450"x119.6   48.75  800 824 840 880  450 451 454 463 doublescan +hsync -vsync (55.4 kHz d)
[    20.829] (II) modeset(G0): Modeline "640x512"x120.0   54.00  640 664 720 844  512 512 514 533 doublescan +hsync +vsync (64.0 kHz d)
[    20.829] (II) modeset(G0): Modeline "700x450"x119.9   51.75  700 740 812 924  450 451 456 467 doublescan -hsync +vsync (56.0 kHz d)
[    20.829] (II) modeset(G0): Modeline "700x450"x119.8   43.25  700 724 740 780  450 451 456 463 doublescan +hsync -vsync (55.4 kHz d)
[    20.829] (II) modeset(G0): Modeline "640x480"x120.0   54.00  640 688 744 900  480 480 482 500 doublescan +hsync +vsync (60.0 kHz d)
[    20.829] (II) modeset(G0): Modeline "640x480"x59.9   25.18  640 656 752 800  480 490 492 525 -hsync -vsync (31.5 kHz d)
[    20.829] (II) modeset(G0): Modeline "720x405"x59.5   22.50  720 744 808 896  405 408 413 422 -hsync +vsync (25.1 kHz d)
[    20.829] (II) modeset(G0): Modeline "720x405"x59.0   21.75  720 768 800 880  405 408 413 419 +hsync -vsync (24.7 kHz d)
[    20.829] (II) modeset(G0): Modeline "684x384"x119.8   42.62  684 720 788 892  384 385 390 399 doublescan -hsync +vsync (47.8 kHz d)
[    20.829] (II) modeset(G0): Modeline "684x384"x119.7   36.12  684 708 724 764  384 385 390 395 doublescan +hsync -vsync (47.3 kHz d)
[    20.829] (II) modeset(G0): Modeline "640x400"x119.8   41.75  640 676 740 840  400 401 404 415 doublescan -hsync +vsync (49.7 kHz d)
[    20.829] (II) modeset(G0): Modeline "640x400"x120.0   35.50  640 664 680 720  400 401 404 411 doublescan +hsync -vsync (49.3 kHz d)
[    20.829] (II) modeset(G0): Modeline "640x360"x119.7   37.25  640 672 736 832  360 361 364 374 doublescan -hsync +vsync (44.8 kHz d)
[    20.829] (II) modeset(G0): Modeline "640x360"x119.7   31.88  640 664 680 720  360 361 364 370 doublescan +hsync -vsync (44.3 kHz d)
[    20.829] (II) modeset(G0): Modeline "640x360"x59.8   18.00  640 664 720 800  360 363 368 376 -hsync +vsync (22.5 kHz d)
[    20.829] (II) modeset(G0): Modeline "640x360"x59.3   17.75  640 688 720 800  360 363 368 374 +hsync -vsync (22.2 kHz d)
[    20.829] (II) modeset(G0): Modeline "512x384"x120.0   32.50  512 524 592 672  384 385 388 403 doublescan -hsync -vsync (48.4 kHz d)
[    20.829] (II) modeset(G0): Modeline "512x288"x120.0   23.25  512 532 580 648  288 289 292 299 doublescan -hsync +vsync (35.9 kHz d)
[    20.829] (II) modeset(G0): Modeline "512x288"x119.8   21.00  512 536 552 592  288 289 292 296 doublescan +hsync -vsync (35.5 kHz d)
[    20.829] (II) modeset(G0): Modeline "480x270"x119.3   20.38  480 496 544 608  270 271 274 281 doublescan -hsync +vsync (33.5 kHz d)
[    20.829] (II) modeset(G0): Modeline "480x270"x119.6   18.62  480 504 520 560  270 271 274 278 doublescan +hsync -vsync (33.3 kHz d)
[    20.829] (II) modeset(G0): Modeline "400x300"x120.6   20.00  400 420 484 528  300 300 302 314 doublescan +hsync +vsync (37.9 kHz d)
[    20.829] (II) modeset(G0): Modeline "400x300"x112.7   18.00  400 412 448 512  300 300 301 312 doublescan +hsync +vsync (35.2 kHz d)
[    20.829] (II) modeset(G0): Modeline "432x243"x119.8   16.25  432 444 484 536  243 244 247 253 doublescan -hsync +vsync (30.3 kHz d)
[    20.829] (II) modeset(G0): Modeline "432x243"x119.1   15.25  432 456 472 512  243 244 247 250 doublescan +hsync -vsync (29.8 kHz d)
[    20.829] (II) modeset(G0): Modeline "320x240"x120.1   12.59  320 328 376 400  240 245 246 262 doublescan -hsync -vsync (31.5 kHz d)
[    20.829] (II) modeset(G0): Modeline "360x202"x119.0   11.25  360 372 404 448  202 204 206 211 doublescan -hsync +vsync (25.1 kHz d)
[    20.829] (II) modeset(G0): Modeline "360x202"x118.3   10.88  360 384 400 440  202 204 206 209 doublescan +hsync -vsync (24.7 kHz d)
[    20.829] (II) modeset(G0): Modeline "320x180"x119.7    9.00  320 332 360 400  180 181 184 188 doublescan -hsync +vsync (22.5 kHz d)
[    20.829] (II) modeset(G0): Modeline "320x180"x118.6    8.88  320 344 360 400  180 181 184 187 doublescan +hsync -vsync (22.2 kHz d)
[    20.829] (==) modeset(G0): Using gamma correction (1.0, 1.0, 1.0)
[    20.829] (==) modeset(G0): DPI set to (96, 96)
[    20.829] (II) Loading sub module "fb"
[    20.829] (II) LoadModule: "fb"
[    20.829] (II) Module "fb" already built-in
[    20.829] (II) UnloadModule: "vesa"
[    20.829] (II) Unloading vesa
[    20.829] (WW) NVIDIA: Failed to bind sideband socket to
[    20.829] (WW) NVIDIA:     '/var/run/nvidia-xdriver-ef8e50c2' Permission denied
[    20.830] (II) NVIDIA: Reserving 24576.00 MB of virtual memory for indirect memory
[    20.830] (II) NVIDIA:     access.
[    20.848] (II) NVIDIA(0): ACPI: failed to connect to the ACPI event daemon; the daemon
[    20.848] (II) NVIDIA(0):     may not be running or the "AcpidSocketPath" X
[    20.848] (II) NVIDIA(0):     configuration option may not be set correctly.  When the
[    20.848] (II) NVIDIA(0):     ACPI event daemon is available, the NVIDIA X driver will
[    20.848] (II) NVIDIA(0):     try to use it to receive ACPI event notifications.  For
[    20.848] (II) NVIDIA(0):     details, please see the "ConnectToAcpid" and
[    20.848] (II) NVIDIA(0):     "AcpidSocketPath" X configuration options in Appendix B: X
[    20.848] (II) NVIDIA(0):     Config Options in the README.
[    20.868] (II) NVIDIA(0): Setting mode "DFP-0:nvidia-auto-select"
[    20.997] (==) NVIDIA(0): Disabling shared memory pixmaps
[    20.997] (==) NVIDIA(0): Backing store enabled
[    20.997] (==) NVIDIA(0): Silken mouse enabled
[    20.997] (==) NVIDIA(0): DPMS enabled
[    20.998] (WW) NVIDIA(0): Option "PrimaryGPU" is not used
[    20.998] (II) Loading sub module "dri2"
[    20.998] (II) LoadModule: "dri2"
[    20.998] (II) Module "dri2" already built-in
[    20.998] (II) NVIDIA(0): [DRI2] Setup complete
[    20.998] (II) NVIDIA(0): [DRI2]   VDPAU driver: nvidia
[    21.027] (==) modeset(G0): Backing store enabled
[    21.027] (==) modeset(G0): Silken mouse enabled
[    21.101] (II) modeset(G0): Initializing kms color map for depth 24, 8 bpc.
[    21.102] (==) modeset(G0): DPMS enabled
[    21.102] (II) modeset(G0): [DRI2] Setup complete
[    21.102] (II) modeset(G0): [DRI2]   DRI driver: iris
[    21.102] (II) modeset(G0): [DRI2]   VDPAU driver: va_gl
[    21.102] (II) modeset(G0): Disable reverse prime offload mode for i915.
[    21.102] (II) Initializing extension Generic Event Extension
[    21.102] (II) Initializing extension SHAPE
[    21.102] (II) Initializing extension MIT-SHM
[    21.103] (II) Initializing extension XInputExtension
[    21.103] (II) Initializing extension XTEST
[    21.104] (II) Initializing extension BIG-REQUESTS
[    21.104] (II) Initializing extension SYNC
[    21.104] (II) Initializing extension XKEYBOARD
[    21.105] (II) Initializing extension XC-MISC
[    21.105] (II) Initializing extension SECURITY
[    21.105] (II) Initializing extension XFIXES
[    21.105] (II) Initializing extension RENDER
[    21.106] (II) Initializing extension RANDR
[    21.106] (II) Initializing extension COMPOSITE
[    21.106] (II) Initializing extension DAMAGE
[    21.106] (II) Initializing extension MIT-SCREEN-SAVER
[    21.106] (II) Initializing extension DOUBLE-BUFFER
[    21.106] (II) Initializing extension RECORD
[    21.106] (II) Initializing extension DPMS
[    21.106] (II) Initializing extension Present
[    21.107] (II) Initializing extension DRI3
[    21.107] (II) Initializing extension X-Resource
[    21.107] (II) Initializing extension XVideo
[    21.107] (II) Initializing extension XVideo-MotionCompensation
[    21.107] (II) Initializing extension GLX
[    21.107] (II) Initializing extension GLX
[    21.107] (II) Indirect GLX disabled.
[    21.107] (II) GLX: Another vendor is already registered for screen 0
[    21.107] (II) Initializing extension XFree86-VidModeExtension
[    21.107] (II) Initializing extension XFree86-DGA
[    21.107] (II) Initializing extension XFree86-DRI
[    21.107] (II) Initializing extension DRI2
[    21.107] (II) Initializing extension NV-GLX
[    21.107] (II) Initializing extension NV-CONTROL
[    21.107] (II) Initializing extension XINERAMA
[    21.390] (II) modeset(G0): Damage tracking initialized
[    21.485] (II) config/udev: Adding input device Power Button (/dev/input/event3)
[    21.485] (**) Power Button: Applying InputClass "libinput keyboard catchall"
[    21.485] (II) LoadModule: "libinput"
[    21.485] (II) Loading /usr/lib/xorg/modules/input/libinput_drv.so
[    21.488] (II) Module libinput: vendor="X.Org Foundation"
[    21.488] 	compiled for 1.21.1.3, module version = 1.2.1
[    21.488] 	Module class: X.Org XInput Driver
[    21.488] 	ABI class: X.Org XInput driver, version 24.4
[    21.488] (II) Using input driver 'libinput' for 'Power Button'
[    21.489] (II) systemd-logind: got fd for /dev/input/event3 13:67 fd 47 paused 0
[    21.489] (**) Power Button: always reports core events
[    21.489] (**) Option "Device" "/dev/input/event3"
[    21.494] (II) event3  - Power Button: is tagged by udev as: Keyboard
[    21.494] (II) event3  - Power Button: device is a keyboard
[    21.494] (II) event3  - Power Button: device removed
[    21.494] (**) Option "config_info" "udev:/sys/devices/LNXSYSTM:00/LNXPWRBN:00/input/input3/event3"
[    21.494] (II) XINPUT: Adding extended input device "Power Button" (type: KEYBOARD, id 6)
[    21.494] (II) event3  - Power Button: is tagged by udev as: Keyboard
[    21.494] (II) event3  - Power Button: device is a keyboard
[    21.494] (II) config/udev: Adding input device Asus Wireless Radio Control (/dev/input/event15)
[    21.494] (**) Asus Wireless Radio Control: Applying InputClass "libinput keyboard catchall"
[    21.494] (II) Using input driver 'libinput' for 'Asus Wireless Radio Control'
[    21.495] (II) systemd-logind: got fd for /dev/input/event15 13:79 fd 50 paused 0
[    21.495] (**) Asus Wireless Radio Control: always reports core events
[    21.495] (**) Option "Device" "/dev/input/event15"
[    21.495] (II) event15 - Asus Wireless Radio Control: is tagged by udev as: Keyboard
[    21.495] (II) event15 - Asus Wireless Radio Control: device is a keyboard
[    21.495] (II) event15 - Asus Wireless Radio Control: device removed
[    21.495] (**) Option "config_info" "udev:/sys/devices/LNXSYSTM:00/LNXSYBUS:00/ATK4002:00/input/input15/event15"
[    21.495] (II) XINPUT: Adding extended input device "Asus Wireless Radio Control" (type: KEYBOARD, id 7)
[    21.496] (II) event15 - Asus Wireless Radio Control: is tagged by udev as: Keyboard
[    21.496] (II) event15 - Asus Wireless Radio Control: device is a keyboard
[    21.496] (II) config/udev: Adding input device Video Bus (/dev/input/event14)
[    21.496] (**) Video Bus: Applying InputClass "libinput keyboard catchall"
[    21.496] (II) Using input driver 'libinput' for 'Video Bus'
[    21.497] (II) systemd-logind: got fd for /dev/input/event14 13:78 fd 51 paused 0
[    21.497] (**) Video Bus: always reports core events
[    21.497] (**) Option "Device" "/dev/input/event14"
[    21.497] (II) event14 - Video Bus: is tagged by udev as: Keyboard
[    21.497] (II) event14 - Video Bus: device is a keyboard
[    21.497] (II) event14 - Video Bus: device removed
[    21.497] (**) Option "config_info" "udev:/sys/devices/LNXSYSTM:00/LNXSYBUS:00/PNP0A08:00/LNXVIDEO:00/input/input21/event14"
[    21.497] (II) XINPUT: Adding extended input device "Video Bus" (type: KEYBOARD, id 8)
[    21.498] (II) event14 - Video Bus: is tagged by udev as: Keyboard
[    21.498] (II) event14 - Video Bus: device is a keyboard
[    21.498] (II) config/udev: Adding input device Video Bus (/dev/input/event23)
[    21.498] (**) Video Bus: Applying InputClass "libinput keyboard catchall"
[    21.498] (II) Using input driver 'libinput' for 'Video Bus'
[    21.499] (II) systemd-logind: got fd for /dev/input/event23 13:87 fd 52 paused 0
[    21.499] (**) Video Bus: always reports core events
[    21.499] (**) Option "Device" "/dev/input/event23"
[    21.499] (II) event23 - Video Bus: is tagged by udev as: Keyboard
[    21.499] (II) event23 - Video Bus: device is a keyboard
[    21.499] (II) event23 - Video Bus: device removed
[    21.499] (**) Option "config_info" "udev:/sys/devices/LNXSYSTM:00/LNXSYBUS:00/PNP0A08:00/device:13/LNXVIDEO:01/input/input24/event23"
[    21.499] (II) XINPUT: Adding extended input device "Video Bus" (type: KEYBOARD, id 9)
[    21.500] (II) event23 - Video Bus: is tagged by udev as: Keyboard
[    21.500] (II) event23 - Video Bus: device is a keyboard
[    21.501] (II) config/udev: Adding input device Lid Switch (/dev/input/event0)
[    21.501] (II) No input driver specified, ignoring this device.
[    21.501] (II) This device may have been added with another device file.
[    21.501] (II) config/udev: Adding input device Power Button (/dev/input/event2)
[    21.501] (**) Power Button: Applying InputClass "libinput keyboard catchall"
[    21.501] (II) Using input driver 'libinput' for 'Power Button'
[    21.501] (II) systemd-logind: got fd for /dev/input/event2 13:66 fd 53 paused 0
[    21.501] (**) Power Button: always reports core events
[    21.501] (**) Option "Device" "/dev/input/event2"
[    21.502] (II) event2  - Power Button: is tagged by udev as: Keyboard
[    21.502] (II) event2  - Power Button: device is a keyboard
[    21.502] (II) event2  - Power Button: device removed
[    21.502] (**) Option "config_info" "udev:/sys/devices/LNXSYSTM:00/LNXSYBUS:00/PNP0C0C:00/input/input2/event2"
[    21.502] (II) XINPUT: Adding extended input device "Power Button" (type: KEYBOARD, id 10)
[    21.502] (II) event2  - Power Button: is tagged by udev as: Keyboard
[    21.502] (II) event2  - Power Button: device is a keyboard
[    21.503] (II) config/udev: Adding input device Sleep Button (/dev/input/event1)
[    21.503] (**) Sleep Button: Applying InputClass "libinput keyboard catchall"
[    21.503] (II) Using input driver 'libinput' for 'Sleep Button'
[    21.503] (II) systemd-logind: got fd for /dev/input/event1 13:65 fd 54 paused 0
[    21.503] (**) Sleep Button: always reports core events
[    21.503] (**) Option "Device" "/dev/input/event1"
[    21.503] (II) event1  - Sleep Button: is tagged by udev as: Keyboard
[    21.504] (II) event1  - Sleep Button: device is a keyboard
[    21.504] (II) event1  - Sleep Button: device removed
[    21.504] (**) Option "config_info" "udev:/sys/devices/LNXSYSTM:00/LNXSYBUS:00/PNP0C0E:00/input/input1/event1"
[    21.504] (II) XINPUT: Adding extended input device "Sleep Button" (type: KEYBOARD, id 11)
[    21.504] (II) event1  - Sleep Button: is tagged by udev as: Keyboard
[    21.504] (II) event1  - Sleep Button: device is a keyboard
[    21.505] (II) config/udev: Adding input device HDA NVidia HDMI/DP,pcm=3 (/dev/input/event26)
[    21.505] (II) No input driver specified, ignoring this device.
[    21.505] (II) This device may have been added with another device file.
[    21.505] (II) config/udev: Adding input device HDA NVidia HDMI/DP,pcm=7 (/dev/input/event16)
[    21.505] (II) No input driver specified, ignoring this device.
[    21.505] (II) This device may have been added with another device file.
[    21.505] (II) config/udev: Adding input device HDA NVidia HDMI/DP,pcm=8 (/dev/input/event17)
[    21.505] (II) No input driver specified, ignoring this device.
[    21.505] (II) This device may have been added with another device file.
[    21.505] (II) config/udev: Adding input device HDA NVidia HDMI/DP,pcm=9 (/dev/input/event18)
[    21.505] (II) No input driver specified, ignoring this device.
[    21.505] (II) This device may have been added with another device file.
[    21.506] (II) config/udev: Adding input device Razer Razer Viper Mini (/dev/input/event5)
[    21.506] (**) Razer Razer Viper Mini: Applying InputClass "libinput pointer catchall"
[    21.506] (II) Using input driver 'libinput' for 'Razer Razer Viper Mini'
[    21.571] (II) systemd-logind: got fd for /dev/input/event5 13:69 fd 55 paused 0
[    21.572] (**) Razer Razer Viper Mini: always reports core events
[    21.572] (**) Option "Device" "/dev/input/event5"
[    21.575] (II) event5  - Razer Razer Viper Mini: is tagged by udev as: Mouse
[    21.576] (II) event5  - Razer Razer Viper Mini: device is a pointer
[    21.576] (II) event5  - Razer Razer Viper Mini: device removed
[    21.576] (**) Option "config_info" "udev:/sys/devices/pci0000:00/0000:00:14.0/usb1/1-3/1-3:1.0/0003:1532:008A.0001/input/input5/event5"
[    21.576] (II) XINPUT: Adding extended input device "Razer Razer Viper Mini" (type: MOUSE, id 12)
[    21.577] (**) Option "AccelerationScheme" "none"
[    21.577] (**) Razer Razer Viper Mini: (accel) selected scheme none/0
[    21.577] (**) Razer Razer Viper Mini: (accel) acceleration factor: 2.000
[    21.577] (**) Razer Razer Viper Mini: (accel) acceleration threshold: 4
[    21.580] (II) event5  - Razer Razer Viper Mini: is tagged by udev as: Mouse
[    21.581] (II) event5  - Razer Razer Viper Mini: device is a pointer
[    21.583] (II) config/udev: Adding input device Razer Razer Viper Mini (/dev/input/mouse0)
[    21.583] (II) No input driver specified, ignoring this device.
[    21.583] (II) This device may have been added with another device file.
[    21.585] (II) config/udev: Adding input device Razer Razer Viper Mini Keyboard (/dev/input/event6)
[    21.585] (**) Razer Razer Viper Mini Keyboard: Applying InputClass "libinput keyboard catchall"
[    21.585] (II) Using input driver 'libinput' for 'Razer Razer Viper Mini Keyboard'
[    21.587] (II) systemd-logind: got fd for /dev/input/event6 13:70 fd 56 paused 0
[    21.587] (**) Razer Razer Viper Mini Keyboard: always reports core events
[    21.587] (**) Option "Device" "/dev/input/event6"
[    21.591] (II) event6  - Razer Razer Viper Mini Keyboard: is tagged by udev as: Keyboard
[    21.591] (II) event6  - Razer Razer Viper Mini Keyboard: device is a keyboard
[    21.592] (II) event6  - Razer Razer Viper Mini Keyboard: device removed
[    21.592] (II) libinput: Razer Razer Viper Mini Keyboard: needs a virtual subdevice
[    21.592] (**) Option "config_info" "udev:/sys/devices/pci0000:00/0000:00:14.0/usb1/1-3/1-3:1.1/0003:1532:008A.0002/input/input6/event6"
[    21.592] (II) XINPUT: Adding extended input device "Razer Razer Viper Mini Keyboard" (type: MOUSE, id 13)
[    21.592] (**) Option "AccelerationScheme" "none"
[    21.592] (**) Razer Razer Viper Mini Keyboard: (accel) selected scheme none/0
[    21.592] (**) Razer Razer Viper Mini Keyboard: (accel) acceleration factor: 2.000
[    21.592] (**) Razer Razer Viper Mini Keyboard: (accel) acceleration threshold: 4
[    21.596] (II) event6  - Razer Razer Viper Mini Keyboard: is tagged by udev as: Keyboard
[    21.596] (II) event6  - Razer Razer Viper Mini Keyboard: device is a keyboard
[    21.598] (II) config/udev: Adding input device Razer Razer Viper Mini (/dev/input/event7)
[    21.598] (II) No input driver specified, ignoring this device.
[    21.598] (II) This device may have been added with another device file.
[    21.600] (II) config/udev: Adding input device Razer Razer Viper Mini (/dev/input/event8)
[    21.600] (**) Razer Razer Viper Mini: Applying InputClass "libinput keyboard catchall"
[    21.600] (II) Using input driver 'libinput' for 'Razer Razer Viper Mini'
[    21.602] (II) systemd-logind: got fd for /dev/input/event8 13:72 fd 57 paused 0
[    21.602] (**) Razer Razer Viper Mini: always reports core events
[    21.602] (**) Option "Device" "/dev/input/event8"
[    21.605] (II) event8  - Razer Razer Viper Mini: is tagged by udev as: Keyboard
[    21.605] (II) event8  - Razer Razer Viper Mini: device is a keyboard
[    21.605] (II) event8  - Razer Razer Viper Mini: device removed
[    21.606] (**) Option "config_info" "udev:/sys/devices/pci0000:00/0000:00:14.0/usb1/1-3/1-3:1.2/0003:1532:008A.0003/input/input8/event8"
[    21.606] (II) XINPUT: Adding extended input device "Razer Razer Viper Mini" (type: KEYBOARD, id 14)
[    21.608] (II) event8  - Razer Razer Viper Mini: is tagged by udev as: Keyboard
[    21.608] (II) event8  - Razer Razer Viper Mini: device is a keyboard
[    21.610] (II) config/udev: Adding input device Compx 2.4G Wireless Receiver (/dev/input/event9)
[    21.610] (**) Compx 2.4G Wireless Receiver: Applying InputClass "libinput keyboard catchall"
[    21.610] (II) Using input driver 'libinput' for 'Compx 2.4G Wireless Receiver'
[    21.611] (II) systemd-logind: got fd for /dev/input/event9 13:73 fd 58 paused 0
[    21.611] (**) Compx 2.4G Wireless Receiver: always reports core events
[    21.611] (**) Option "Device" "/dev/input/event9"
[    21.612] (II) event9  - Compx 2.4G Wireless Receiver: is tagged by udev as: Keyboard
[    21.613] (II) event9  - Compx 2.4G Wireless Receiver: device is a keyboard
[    21.613] (II) event9  - Compx 2.4G Wireless Receiver: device removed
[    21.613] (**) Option "config_info" "udev:/sys/devices/pci0000:00/0000:00:14.0/usb1/1-5/1-5:1.0/0003:25A7:FA70.0004/input/input9/event9"
[    21.613] (II) XINPUT: Adding extended input device "Compx 2.4G Wireless Receiver" (type: KEYBOARD, id 15)
[    21.615] (II) event9  - Compx 2.4G Wireless Receiver: is tagged by udev as: Keyboard
[    21.615] (II) event9  - Compx 2.4G Wireless Receiver: device is a keyboard
[    21.616] (II) config/udev: Adding input device Compx 2.4G Wireless Receiver Mouse (/dev/input/event10)
[    21.616] (**) Compx 2.4G Wireless Receiver Mouse: Applying InputClass "libinput pointer catchall"
[    21.616] (II) Using input driver 'libinput' for 'Compx 2.4G Wireless Receiver Mouse'
[    21.616] (II) systemd-logind: got fd for /dev/input/event10 13:74 fd 59 paused 0
[    21.617] (**) Compx 2.4G Wireless Receiver Mouse: always reports core events
[    21.617] (**) Option "Device" "/dev/input/event10"
[    21.618] (II) event10 - Compx 2.4G Wireless Receiver Mouse: is tagged by udev as: Mouse
[    21.618] (II) event10 - Compx 2.4G Wireless Receiver Mouse: device is a pointer
[    21.618] (II) event10 - Compx 2.4G Wireless Receiver Mouse: device removed
[    21.618] (**) Option "config_info" "udev:/sys/devices/pci0000:00/0000:00:14.0/usb1/1-5/1-5:1.1/0003:25A7:FA70.0005/input/input10/event10"
[    21.618] (II) XINPUT: Adding extended input device "Compx 2.4G Wireless Receiver Mouse" (type: MOUSE, id 16)
[    21.618] (**) Option "AccelerationScheme" "none"
[    21.618] (**) Compx 2.4G Wireless Receiver Mouse: (accel) selected scheme none/0
[    21.618] (**) Compx 2.4G Wireless Receiver Mouse: (accel) acceleration factor: 2.000
[    21.618] (**) Compx 2.4G Wireless Receiver Mouse: (accel) acceleration threshold: 4
[    21.620] (II) event10 - Compx 2.4G Wireless Receiver Mouse: is tagged by udev as: Mouse
[    21.620] (II) event10 - Compx 2.4G Wireless Receiver Mouse: device is a pointer
[    21.621] (II) config/udev: Adding input device Compx 2.4G Wireless Receiver Mouse (/dev/input/mouse1)
[    21.621] (II) No input driver specified, ignoring this device.
[    21.621] (II) This device may have been added with another device file.
[    21.621] (II) config/udev: Adding input device Compx 2.4G Wireless Receiver (/dev/input/event11)
[    21.621] (II) No input driver specified, ignoring this device.
[    21.621] (II) This device may have been added with another device file.
[    21.622] (II) config/udev: Adding input device Compx 2.4G Wireless Receiver Keyboard (/dev/input/event12)
[    21.622] (**) Compx 2.4G Wireless Receiver Keyboard: Applying InputClass "libinput keyboard catchall"
[    21.622] (II) Using input driver 'libinput' for 'Compx 2.4G Wireless Receiver Keyboard'
[    21.623] (II) systemd-logind: got fd for /dev/input/event12 13:76 fd 60 paused 0
[    21.623] (**) Compx 2.4G Wireless Receiver Keyboard: always reports core events
[    21.623] (**) Option "Device" "/dev/input/event12"
[    21.624] (II) event12 - Compx 2.4G Wireless Receiver Keyboard: is tagged by udev as: Keyboard
[    21.624] (II) event12 - Compx 2.4G Wireless Receiver Keyboard: device is a keyboard
[    21.624] (II) event12 - Compx 2.4G Wireless Receiver Keyboard: device removed
[    21.624] (II) libinput: Compx 2.4G Wireless Receiver Keyboard: needs a virtual subdevice
[    21.624] (**) Option "config_info" "udev:/sys/devices/pci0000:00/0000:00:14.0/usb1/1-5/1-5:1.1/0003:25A7:FA70.0005/input/input12/event12"
[    21.624] (II) XINPUT: Adding extended input device "Compx 2.4G Wireless Receiver Keyboard" (type: MOUSE, id 17)
[    21.624] (**) Option "AccelerationScheme" "none"
[    21.624] (**) Compx 2.4G Wireless Receiver Keyboard: (accel) selected scheme none/0
[    21.624] (**) Compx 2.4G Wireless Receiver Keyboard: (accel) acceleration factor: 2.000
[    21.624] (**) Compx 2.4G Wireless Receiver Keyboard: (accel) acceleration threshold: 4
[    21.625] (II) event12 - Compx 2.4G Wireless Receiver Keyboard: is tagged by udev as: Keyboard
[    21.625] (II) event12 - Compx 2.4G Wireless Receiver Keyboard: device is a keyboard
[    21.626] (II) config/udev: Adding input device Asus Keyboard (/dev/input/event13)
[    21.626] (**) Asus Keyboard: Applying InputClass "libinput keyboard catchall"
[    21.626] (II) Using input driver 'libinput' for 'Asus Keyboard'
[    21.627] (II) systemd-logind: got fd for /dev/input/event13 13:77 fd 61 paused 0
[    21.627] (**) Asus Keyboard: always reports core events
[    21.627] (**) Option "Device" "/dev/input/event13"
[    21.628] (II) event13 - Asus Keyboard: is tagged by udev as: Keyboard
[    21.628] (II) event13 - Asus Keyboard: device is a keyboard
[    21.629] (II) event13 - Asus Keyboard: device removed
[    21.629] (**) Option "config_info" "udev:/sys/devices/pci0000:00/0000:00:14.0/usb1/1-8/1-8:1.0/0003:0B05:1866.0006/input/input20/event13"
[    21.629] (II) XINPUT: Adding extended input device "Asus Keyboard" (type: KEYBOARD, id 18)
[    21.630] (II) event13 - Asus Keyboard: is tagged by udev as: Keyboard
[    21.630] (II) event13 - Asus Keyboard: device is a keyboard
[    21.631] (II) config/udev: Adding input device Asus Keyboard (/dev/input/event22)
[    21.631] (**) Asus Keyboard: Applying InputClass "libinput keyboard catchall"
[    21.631] (II) Using input driver 'libinput' for 'Asus Keyboard'
[    21.631] (II) systemd-logind: got fd for /dev/input/event22 13:86 fd 62 paused 0
[    21.631] (**) Asus Keyboard: always reports core events
[    21.631] (**) Option "Device" "/dev/input/event22"
[    21.632] (II) event22 - Asus Keyboard: is tagged by udev as: Keyboard
[    21.632] (II) event22 - Asus Keyboard: device is a keyboard
[    21.633] (II) event22 - Asus Keyboard: device removed
[    21.633] (**) Option "config_info" "udev:/sys/devices/pci0000:00/0000:00:14.0/usb1/1-8/1-8:1.1/0003:0B05:1866.0007/input/input25/event22"
[    21.633] (II) XINPUT: Adding extended input device "Asus Keyboard" (type: KEYBOARD, id 19)
[    21.634] (II) event22 - Asus Keyboard: is tagged by udev as: Keyboard
[    21.634] (II) event22 - Asus Keyboard: device is a keyboard
[    21.635] (II) config/udev: Adding input device Asus Keyboard (/dev/input/event19)
[    21.635] (**) Asus Keyboard: Applying InputClass "libinput keyboard catchall"
[    21.635] (II) Using input driver 'libinput' for 'Asus Keyboard'
[    21.636] (II) systemd-logind: got fd for /dev/input/event19 13:83 fd 63 paused 0
[    21.636] (**) Asus Keyboard: always reports core events
[    21.636] (**) Option "Device" "/dev/input/event19"
[    21.637] (II) event19 - Asus Keyboard: is tagged by udev as: Keyboard
[    21.637] (II) event19 - Asus Keyboard: device is a keyboard
[    21.637] (II) event19 - Asus Keyboard: device removed
[    21.637] (II) libinput: Asus Keyboard: needs a virtual subdevice
[    21.637] (**) Option "config_info" "udev:/sys/devices/pci0000:00/0000:00:14.0/usb1/1-8/1-8:1.2/0003:0B05:1866.0008/input/input32/event19"
[    21.637] (II) XINPUT: Adding extended input device "Asus Keyboard" (type: MOUSE, id 20)
[    21.637] (**) Option "AccelerationScheme" "none"
[    21.637] (**) Asus Keyboard: (accel) selected scheme none/0
[    21.637] (**) Asus Keyboard: (accel) acceleration factor: 2.000
[    21.637] (**) Asus Keyboard: (accel) acceleration threshold: 4
[    21.638] (II) event19 - Asus Keyboard: is tagged by udev as: Keyboard
[    21.638] (II) event19 - Asus Keyboard: device is a keyboard
[    21.639] (II) config/udev: Adding input device ELAN1203:00 04F3:307A Mouse (/dev/input/event20)
[    21.639] (**) ELAN1203:00 04F3:307A Mouse: Applying InputClass "libinput pointer catchall"
[    21.639] (II) Using input driver 'libinput' for 'ELAN1203:00 04F3:307A Mouse'
[    21.639] (II) systemd-logind: got fd for /dev/input/event20 13:84 fd 64 paused 0
[    21.639] (**) ELAN1203:00 04F3:307A Mouse: always reports core events
[    21.639] (**) Option "Device" "/dev/input/event20"
[    21.640] (II) event20 - ELAN1203:00 04F3:307A Mouse: is tagged by udev as: Mouse Pointingstick
[    21.640] (II) event20 - ELAN1203:00 04F3:307A Mouse: device is a pointer
[    21.641] (II) event20 - ELAN1203:00 04F3:307A Mouse: device removed
[    21.641] (**) Option "config_info" "udev:/sys/devices/pci0000:00/0000:00:15.1/i2c_designware.1/i2c-2/i2c-ELAN1203:00/0018:04F3:307A.0009/input/input33/event20"
[    21.641] (II) XINPUT: Adding extended input device "ELAN1203:00 04F3:307A Mouse" (type: MOUSE, id 21)
[    21.641] (**) Option "AccelerationScheme" "none"
[    21.641] (**) ELAN1203:00 04F3:307A Mouse: (accel) selected scheme none/0
[    21.641] (**) ELAN1203:00 04F3:307A Mouse: (accel) acceleration factor: 2.000
[    21.641] (**) ELAN1203:00 04F3:307A Mouse: (accel) acceleration threshold: 4
[    21.642] (II) event20 - ELAN1203:00 04F3:307A Mouse: is tagged by udev as: Mouse Pointingstick
[    21.642] (II) event20 - ELAN1203:00 04F3:307A Mouse: device is a pointer
[    21.643] (II) config/udev: Adding input device ELAN1203:00 04F3:307A Mouse (/dev/input/mouse2)
[    21.643] (II) No input driver specified, ignoring this device.
[    21.643] (II) This device may have been added with another device file.
[    21.643] (II) config/udev: Adding input device ELAN1203:00 04F3:307A Touchpad (/dev/input/event21)
[    21.643] (**) ELAN1203:00 04F3:307A Touchpad: Applying InputClass "libinput touchpad catchall"
[    21.643] (II) Using input driver 'libinput' for 'ELAN1203:00 04F3:307A Touchpad'
[    21.644] (II) systemd-logind: got fd for /dev/input/event21 13:85 fd 65 paused 0
[    21.644] (**) ELAN1203:00 04F3:307A Touchpad: always reports core events
[    21.644] (**) Option "Device" "/dev/input/event21"
[    21.645] (II) event21 - ELAN1203:00 04F3:307A Touchpad: is tagged by udev as: Touchpad
[    21.645] (II) event21 - ELAN1203:00 04F3:307A Touchpad: device is a touchpad
[    21.645] (II) event21 - ELAN1203:00 04F3:307A Touchpad: device removed
[    21.646] (**) Option "config_info" "udev:/sys/devices/pci0000:00/0000:00:15.1/i2c_designware.1/i2c-2/i2c-ELAN1203:00/0018:04F3:307A.0009/input/input34/event21"
[    21.646] (II) XINPUT: Adding extended input device "ELAN1203:00 04F3:307A Touchpad" (type: TOUCHPAD, id 22)
[    21.646] (**) Option "AccelerationScheme" "none"
[    21.646] (**) ELAN1203:00 04F3:307A Touchpad: (accel) selected scheme none/0
[    21.646] (**) ELAN1203:00 04F3:307A Touchpad: (accel) acceleration factor: 2.000
[    21.646] (**) ELAN1203:00 04F3:307A Touchpad: (accel) acceleration threshold: 4
[    21.647] (II) event21 - ELAN1203:00 04F3:307A Touchpad: is tagged by udev as: Touchpad
[    21.647] (II) event21 - ELAN1203:00 04F3:307A Touchpad: device is a touchpad
[    21.648] (II) config/udev: Adding input device ELAN1203:00 04F3:307A Touchpad (/dev/input/mouse3)
[    21.648] (II) No input driver specified, ignoring this device.
[    21.648] (II) This device may have been added with another device file.
[    21.648] (II) config/udev: Adding input device HDA Intel PCH Headphone (/dev/input/event27)
[    21.648] (II) No input driver specified, ignoring this device.
[    21.648] (II) This device may have been added with another device file.
[    21.648] (II) config/udev: Adding input device HDA Intel PCH HDMI/DP,pcm=3 (/dev/input/event28)
[    21.648] (II) No input driver specified, ignoring this device.
[    21.648] (II) This device may have been added with another device file.
[    21.648] (II) config/udev: Adding input device HDA Intel PCH HDMI/DP,pcm=7 (/dev/input/event29)
[    21.648] (II) No input driver specified, ignoring this device.
[    21.648] (II) This device may have been added with another device file.
[    21.649] (II) config/udev: Adding input device HDA Intel PCH HDMI/DP,pcm=8 (/dev/input/event30)
[    21.649] (II) No input driver specified, ignoring this device.
[    21.649] (II) This device may have been added with another device file.
[    21.649] (II) config/udev: Adding input device HDA Intel PCH HDMI/DP,pcm=9 (/dev/input/event31)
[    21.649] (II) No input driver specified, ignoring this device.
[    21.649] (II) This device may have been added with another device file.
[    21.649] (II) config/udev: Adding input device HDA Intel PCH HDMI/DP,pcm=10 (/dev/input/event256)
[    21.649] (II) No input driver specified, ignoring this device.
[    21.649] (II) This device may have been added with another device file.
[    21.649] (II) config/udev: Adding input device Asus WMI hotkeys (/dev/input/event24)
[    21.649] (**) Asus WMI hotkeys: Applying InputClass "libinput keyboard catchall"
[    21.649] (II) Using input driver 'libinput' for 'Asus WMI hotkeys'
[    21.650] (II) systemd-logind: got fd for /dev/input/event24 13:88 fd 66 paused 0
[    21.650] (**) Asus WMI hotkeys: always reports core events
[    21.650] (**) Option "Device" "/dev/input/event24"
[    21.650] (II) event24 - Asus WMI hotkeys: is tagged by udev as: Keyboard
[    21.650] (II) event24 - Asus WMI hotkeys: device is a keyboard
[    21.650] (II) event24 - Asus WMI hotkeys: device removed
[    21.651] (**) Option "config_info" "udev:/sys/devices/platform/asus-nb-wmi/input/input26/event24"
[    21.651] (II) XINPUT: Adding extended input device "Asus WMI hotkeys" (type: KEYBOARD, id 23)
[    21.651] (II) event24 - Asus WMI hotkeys: is tagged by udev as: Keyboard
[    21.651] (II) event24 - Asus WMI hotkeys: device is a keyboard
[    21.652] (II) config/udev: Adding input device AT Translated Set 2 keyboard (/dev/input/event4)
[    21.652] (**) AT Translated Set 2 keyboard: Applying InputClass "libinput keyboard catchall"
[    21.652] (II) Using input driver 'libinput' for 'AT Translated Set 2 keyboard'
[    21.652] (II) systemd-logind: got fd for /dev/input/event4 13:68 fd 67 paused 0
[    21.652] (**) AT Translated Set 2 keyboard: always reports core events
[    21.652] (**) Option "Device" "/dev/input/event4"
[    21.652] (II) event4  - AT Translated Set 2 keyboard: is tagged by udev as: Keyboard
[    21.653] (II) event4  - AT Translated Set 2 keyboard: device is a keyboard
[    21.653] (II) event4  - AT Translated Set 2 keyboard: device removed
[    21.654] (**) Option "config_info" "udev:/sys/devices/platform/i8042/serio0/input/input4/event4"
[    21.654] (II) XINPUT: Adding extended input device "AT Translated Set 2 keyboard" (type: KEYBOARD, id 24)
[    21.654] (II) event4  - AT Translated Set 2 keyboard: is tagged by udev as: Keyboard
[    21.654] (II) event4  - AT Translated Set 2 keyboard: device is a keyboard
[    21.655] (II) config/udev: Adding input device PC Speaker (/dev/input/event25)
[    21.655] (II) No input driver specified, ignoring this device.
[    21.655] (II) This device may have been added with another device file.
[    21.659] (**) Razer Razer Viper Mini Keyboard: Applying InputClass "libinput keyboard catchall"
[    21.659] (II) Using input driver 'libinput' for 'Razer Razer Viper Mini Keyboard'
[    21.659] (II) systemd-logind: returning pre-existing fd for /dev/input/event6 13:70
[    21.659] (**) Razer Razer Viper Mini Keyboard: always reports core events
[    21.659] (**) Option "Device" "/dev/input/event6"
[    21.659] (II) libinput: Razer Razer Viper Mini Keyboard: is a virtual subdevice
[    21.659] (**) Option "config_info" "udev:/sys/devices/pci0000:00/0000:00:14.0/usb1/1-3/1-3:1.1/0003:1532:008A.0002/input/input6/event6"
[    21.659] (II) XINPUT: Adding extended input device "Razer Razer Viper Mini Keyboard" (type: KEYBOARD, id 25)
[    21.659] (**) Compx 2.4G Wireless Receiver Keyboard: Applying InputClass "libinput keyboard catchall"
[    21.659] (II) Using input driver 'libinput' for 'Compx 2.4G Wireless Receiver Keyboard'
[    21.659] (II) systemd-logind: returning pre-existing fd for /dev/input/event12 13:76
[    21.659] (**) Compx 2.4G Wireless Receiver Keyboard: always reports core events
[    21.659] (**) Option "Device" "/dev/input/event12"
[    21.659] (II) libinput: Compx 2.4G Wireless Receiver Keyboard: is a virtual subdevice
[    21.659] (**) Option "config_info" "udev:/sys/devices/pci0000:00/0000:00:14.0/usb1/1-5/1-5:1.1/0003:25A7:FA70.0005/input/input12/event12"
[    21.659] (II) XINPUT: Adding extended input device "Compx 2.4G Wireless Receiver Keyboard" (type: KEYBOARD, id 26)
[    21.659] (**) Asus Keyboard: Applying InputClass "libinput keyboard catchall"
[    21.659] (II) Using input driver 'libinput' for 'Asus Keyboard'
[    21.659] (II) systemd-logind: returning pre-existing fd for /dev/input/event19 13:83
[    21.659] (**) Asus Keyboard: always reports core events
[    21.659] (**) Option "Device" "/dev/input/event19"
[    21.659] (II) libinput: Asus Keyboard: is a virtual subdevice
[    21.659] (**) Option "config_info" "udev:/sys/devices/pci0000:00/0000:00:14.0/usb1/1-8/1-8:1.2/0003:0B05:1866.0008/input/input32/event19"
[    21.659] (II) XINPUT: Adding extended input device "Asus Keyboard" (type: KEYBOARD, id 27)
[    21.757] (--) NVIDIA(GPU-0): Samsung LC27T55 (DFP-0): connected
[    21.757] (--) NVIDIA(GPU-0): Samsung LC27T55 (DFP-0): Internal TMDS
[    21.757] (--) NVIDIA(GPU-0): Samsung LC27T55 (DFP-0): 600.0 MHz maximum pixel clock
[    21.757] (--) NVIDIA(GPU-0): 
[    22.292] (--) NVIDIA(GPU-0): Samsung LC27T55 (DFP-0): connected
[    22.292] (--) NVIDIA(GPU-0): Samsung LC27T55 (DFP-0): Internal TMDS
[    22.292] (--) NVIDIA(GPU-0): Samsung LC27T55 (DFP-0): 600.0 MHz maximum pixel clock
[    22.292] (--) NVIDIA(GPU-0): 
[    22.335] (--) NVIDIA(GPU-0): Samsung LC27T55 (DFP-0): connected
[    22.335] (--) NVIDIA(GPU-0): Samsung LC27T55 (DFP-0): Internal TMDS
[    22.335] (--) NVIDIA(GPU-0): Samsung LC27T55 (DFP-0): 600.0 MHz maximum pixel clock
[    22.335] (--) NVIDIA(GPU-0): 
[    22.377] (II) NVIDIA(0): Setting mode "HDMI-0: 1920x1080_75 @1920x1080 +1920+0 {ViewPortIn=1920x1080, ViewPortOut=1920x1080+0+0}"
[    22.601] (--) NVIDIA(GPU-0): Samsung LC27T55 (DFP-0): connected
[    22.601] (--) NVIDIA(GPU-0): Samsung LC27T55 (DFP-0): Internal TMDS
[    22.601] (--) NVIDIA(GPU-0): Samsung LC27T55 (DFP-0): 600.0 MHz maximum pixel clock
[    22.601] (--) NVIDIA(GPU-0): 
[    22.644] (--) NVIDIA(GPU-0): Samsung LC27T55 (DFP-0): connected
[    22.644] (--) NVIDIA(GPU-0): Samsung LC27T55 (DFP-0): Internal TMDS
[    22.644] (--) NVIDIA(GPU-0): Samsung LC27T55 (DFP-0): 600.0 MHz maximum pixel clock
[    22.644] (--) NVIDIA(GPU-0): 
[    23.018] (--) NVIDIA(GPU-0): Samsung LC27T55 (DFP-0): connected
[    23.018] (--) NVIDIA(GPU-0): Samsung LC27T55 (DFP-0): Internal TMDS
[    23.018] (--) NVIDIA(GPU-0): Samsung LC27T55 (DFP-0): 600.0 MHz maximum pixel clock
[    23.018] (--) NVIDIA(GPU-0): 
[    23.062] (--) NVIDIA(GPU-0): Samsung LC27T55 (DFP-0): connected
[    23.062] (--) NVIDIA(GPU-0): Samsung LC27T55 (DFP-0): Internal TMDS
[    23.062] (--) NVIDIA(GPU-0): Samsung LC27T55 (DFP-0): 600.0 MHz maximum pixel clock
[    23.062] (--) NVIDIA(GPU-0): 
[    23.149] (--) NVIDIA(GPU-0): Samsung LC27T55 (DFP-0): connected
[    23.149] (--) NVIDIA(GPU-0): Samsung LC27T55 (DFP-0): Internal TMDS
[    23.149] (--) NVIDIA(GPU-0): Samsung LC27T55 (DFP-0): 600.0 MHz maximum pixel clock
[    23.149] (--) NVIDIA(GPU-0): 
[    23.193] (--) NVIDIA(GPU-0): Samsung LC27T55 (DFP-0): connected
[    23.193] (--) NVIDIA(GPU-0): Samsung LC27T55 (DFP-0): Internal TMDS
[    23.193] (--) NVIDIA(GPU-0): Samsung LC27T55 (DFP-0): 600.0 MHz maximum pixel clock
[    23.193] (--) NVIDIA(GPU-0): 
[    23.245] (--) NVIDIA(GPU-0): Samsung LC27T55 (DFP-0): connected
[    23.245] (--) NVIDIA(GPU-0): Samsung LC27T55 (DFP-0): Internal TMDS
[    23.245] (--) NVIDIA(GPU-0): Samsung LC27T55 (DFP-0): 600.0 MHz maximum pixel clock
[    23.245] (--) NVIDIA(GPU-0): 
[    23.289] (--) NVIDIA(GPU-0): Samsung LC27T55 (DFP-0): connected
[    23.289] (--) NVIDIA(GPU-0): Samsung LC27T55 (DFP-0): Internal TMDS
[    23.289] (--) NVIDIA(GPU-0): Samsung LC27T55 (DFP-0): 600.0 MHz maximum pixel clock
[    23.289] (--) NVIDIA(GPU-0): 
[    23.346] (--) NVIDIA(GPU-0): Samsung LC27T55 (DFP-0): connected
[    23.346] (--) NVIDIA(GPU-0): Samsung LC27T55 (DFP-0): Internal TMDS
[    23.346] (--) NVIDIA(GPU-0): Samsung LC27T55 (DFP-0): 600.0 MHz maximum pixel clock
[    23.346] (--) NVIDIA(GPU-0): 
[    23.389] (--) NVIDIA(GPU-0): Samsung LC27T55 (DFP-0): connected
[    23.389] (--) NVIDIA(GPU-0): Samsung LC27T55 (DFP-0): Internal TMDS
[    23.389] (--) NVIDIA(GPU-0): Samsung LC27T55 (DFP-0): 600.0 MHz maximum pixel clock
[    23.389] (--) NVIDIA(GPU-0): 
[    23.445] (--) NVIDIA(GPU-0): Samsung LC27T55 (DFP-0): connected
[    23.445] (--) NVIDIA(GPU-0): Samsung LC27T55 (DFP-0): Internal TMDS
[    23.445] (--) NVIDIA(GPU-0): Samsung LC27T55 (DFP-0): 600.0 MHz maximum pixel clock
[    23.445] (--) NVIDIA(GPU-0): 
[    23.489] (--) NVIDIA(GPU-0): Samsung LC27T55 (DFP-0): connected
[    23.489] (--) NVIDIA(GPU-0): Samsung LC27T55 (DFP-0): Internal TMDS
[    23.489] (--) NVIDIA(GPU-0): Samsung LC27T55 (DFP-0): 600.0 MHz maximum pixel clock
[    23.489] (--) NVIDIA(GPU-0): 
[    23.546] (--) NVIDIA(GPU-0): Samsung LC27T55 (DFP-0): connected
[    23.546] (--) NVIDIA(GPU-0): Samsung LC27T55 (DFP-0): Internal TMDS
[    23.546] (--) NVIDIA(GPU-0): Samsung LC27T55 (DFP-0): 600.0 MHz maximum pixel clock
[    23.546] (--) NVIDIA(GPU-0): 
[    23.590] (--) NVIDIA(GPU-0): Samsung LC27T55 (DFP-0): connected
[    23.590] (--) NVIDIA(GPU-0): Samsung LC27T55 (DFP-0): Internal TMDS
[    23.590] (--) NVIDIA(GPU-0): Samsung LC27T55 (DFP-0): 600.0 MHz maximum pixel clock
[    23.590] (--) NVIDIA(GPU-0): 
[  2515.483] (--) NVIDIA(GPU-0): Samsung LC27T55 (DFP-0): connected
[  2515.483] (--) NVIDIA(GPU-0): Samsung LC27T55 (DFP-0): Internal TMDS
[  2515.483] (--) NVIDIA(GPU-0): Samsung LC27T55 (DFP-0): 600.0 MHz maximum pixel clock
[  2515.483] (--) NVIDIA(GPU-0): 
[  2515.527] (--) NVIDIA(GPU-0): Samsung LC27T55 (DFP-0): connected
[  2515.527] (--) NVIDIA(GPU-0): Samsung LC27T55 (DFP-0): Internal TMDS
[  2515.527] (--) NVIDIA(GPU-0): Samsung LC27T55 (DFP-0): 600.0 MHz maximum pixel clock
[  2515.527] (--) NVIDIA(GPU-0): 
[  2515.596] (--) NVIDIA(GPU-0): Samsung LC27T55 (DFP-0): connected
[  2515.596] (--) NVIDIA(GPU-0): Samsung LC27T55 (DFP-0): Internal TMDS
[  2515.596] (--) NVIDIA(GPU-0): Samsung LC27T55 (DFP-0): 600.0 MHz maximum pixel clock
[  2515.596] (--) NVIDIA(GPU-0): 
[  2515.641] (--) NVIDIA(GPU-0): Samsung LC27T55 (DFP-0): connected
[  2515.641] (--) NVIDIA(GPU-0): Samsung LC27T55 (DFP-0): Internal TMDS
[  2515.641] (--) NVIDIA(GPU-0): Samsung LC27T55 (DFP-0): 600.0 MHz maximum pixel clock
[  2515.641] (--) NVIDIA(GPU-0): 
[  2515.711] (--) NVIDIA(GPU-0): Samsung LC27T55 (DFP-0): connected
[  2515.711] (--) NVIDIA(GPU-0): Samsung LC27T55 (DFP-0): Internal TMDS
[  2515.711] (--) NVIDIA(GPU-0): Samsung LC27T55 (DFP-0): 600.0 MHz maximum pixel clock
[  2515.711] (--) NVIDIA(GPU-0): 
[  2515.754] (--) NVIDIA(GPU-0): Samsung LC27T55 (DFP-0): connected
[  2515.754] (--) NVIDIA(GPU-0): Samsung LC27T55 (DFP-0): Internal TMDS
[  2515.754] (--) NVIDIA(GPU-0): Samsung LC27T55 (DFP-0): 600.0 MHz maximum pixel clock
[  2515.754] (--) NVIDIA(GPU-0): 
[  2515.819] (--) NVIDIA(GPU-0): Samsung LC27T55 (DFP-0): connected
[  2515.819] (--) NVIDIA(GPU-0): Samsung LC27T55 (DFP-0): Internal TMDS
[  2515.819] (--) NVIDIA(GPU-0): Samsung LC27T55 (DFP-0): 600.0 MHz maximum pixel clock
[  2515.819] (--) NVIDIA(GPU-0): 
[  2515.863] (--) NVIDIA(GPU-0): Samsung LC27T55 (DFP-0): connected
[  2515.863] (--) NVIDIA(GPU-0): Samsung LC27T55 (DFP-0): Internal TMDS
[  2515.863] (--) NVIDIA(GPU-0): Samsung LC27T55 (DFP-0): 600.0 MHz maximum pixel clock
[  2515.863] (--) NVIDIA(GPU-0): 
[  2515.917] (--) NVIDIA(GPU-0): Samsung LC27T55 (DFP-0): connected
[  2515.917] (--) NVIDIA(GPU-0): Samsung LC27T55 (DFP-0): Internal TMDS
[  2515.917] (--) NVIDIA(GPU-0): Samsung LC27T55 (DFP-0): 600.0 MHz maximum pixel clock
[  2515.917] (--) NVIDIA(GPU-0): 
[  2515.961] (--) NVIDIA(GPU-0): Samsung LC27T55 (DFP-0): connected
[  2515.961] (--) NVIDIA(GPU-0): Samsung LC27T55 (DFP-0): Internal TMDS
[  2515.961] (--) NVIDIA(GPU-0): Samsung LC27T55 (DFP-0): 600.0 MHz maximum pixel clock
[  2515.961] (--) NVIDIA(GPU-0): 
[  2800.113] (--) NVIDIA(GPU-0): Samsung LC27T55 (DFP-0): connected
[  2800.113] (--) NVIDIA(GPU-0): Samsung LC27T55 (DFP-0): Internal TMDS
[  2800.113] (--) NVIDIA(GPU-0): Samsung LC27T55 (DFP-0): 600.0 MHz maximum pixel clock
[  2800.113] (--) NVIDIA(GPU-0): 
[  2800.158] (--) NVIDIA(GPU-0): Samsung LC27T55 (DFP-0): connected
[  2800.158] (--) NVIDIA(GPU-0): Samsung LC27T55 (DFP-0): Internal TMDS
[  2800.158] (--) NVIDIA(GPU-0): Samsung LC27T55 (DFP-0): 600.0 MHz maximum pixel clock
[  2800.159] (--) NVIDIA(GPU-0): 
[  2800.219] (--) NVIDIA(GPU-0): Samsung LC27T55 (DFP-0): connected
[  2800.219] (--) NVIDIA(GPU-0): Samsung LC27T55 (DFP-0): Internal TMDS
[  2800.219] (--) NVIDIA(GPU-0): Samsung LC27T55 (DFP-0): 600.0 MHz maximum pixel clock
[  2800.219] (--) NVIDIA(GPU-0): 
[  2800.262] (--) NVIDIA(GPU-0): Samsung LC27T55 (DFP-0): connected
[  2800.262] (--) NVIDIA(GPU-0): Samsung LC27T55 (DFP-0): Internal TMDS
[  2800.262] (--) NVIDIA(GPU-0): Samsung LC27T55 (DFP-0): 600.0 MHz maximum pixel clock
[  2800.262] (--) NVIDIA(GPU-0): 
[  2800.326] (--) NVIDIA(GPU-0): Samsung LC27T55 (DFP-0): connected
[  2800.326] (--) NVIDIA(GPU-0): Samsung LC27T55 (DFP-0): Internal TMDS
[  2800.326] (--) NVIDIA(GPU-0): Samsung LC27T55 (DFP-0): 600.0 MHz maximum pixel clock
[  2800.326] (--) NVIDIA(GPU-0): 
[  2800.372] (--) NVIDIA(GPU-0): Samsung LC27T55 (DFP-0): connected
[  2800.372] (--) NVIDIA(GPU-0): Samsung LC27T55 (DFP-0): Internal TMDS
[  2800.372] (--) NVIDIA(GPU-0): Samsung LC27T55 (DFP-0): 600.0 MHz maximum pixel clock
[  2800.372] (--) NVIDIA(GPU-0): 
[  2800.422] (--) NVIDIA(GPU-0): Samsung LC27T55 (DFP-0): connected
[  2800.422] (--) NVIDIA(GPU-0): Samsung LC27T55 (DFP-0): Internal TMDS
[  2800.422] (--) NVIDIA(GPU-0): Samsung LC27T55 (DFP-0): 600.0 MHz maximum pixel clock
[  2800.422] (--) NVIDIA(GPU-0): 
[  2800.466] (--) NVIDIA(GPU-0): Samsung LC27T55 (DFP-0): connected
[  2800.466] (--) NVIDIA(GPU-0): Samsung LC27T55 (DFP-0): Internal TMDS
[  2800.466] (--) NVIDIA(GPU-0): Samsung LC27T55 (DFP-0): 600.0 MHz maximum pixel clock
[  2800.466] (--) NVIDIA(GPU-0): 
[  2800.466] (EE) event5  - Razer Razer Viper Mini: client bug: event processing lagging behind by 42ms, your system is too slow
[  2800.524] (--) NVIDIA(GPU-0): Samsung LC27T55 (DFP-0): connected
[  2800.524] (--) NVIDIA(GPU-0): Samsung LC27T55 (DFP-0): Internal TMDS
[  2800.524] (--) NVIDIA(GPU-0): Samsung LC27T55 (DFP-0): 600.0 MHz maximum pixel clock
[  2800.524] (--) NVIDIA(GPU-0): 
[  2800.571] (--) NVIDIA(GPU-0): Samsung LC27T55 (DFP-0): connected
[  2800.571] (--) NVIDIA(GPU-0): Samsung LC27T55 (DFP-0): Internal TMDS
[  2800.571] (--) NVIDIA(GPU-0): Samsung LC27T55 (DFP-0): 600.0 MHz maximum pixel clock
[  2800.571] (--) NVIDIA(GPU-0): 
[  2878.864] (EE) event9  - Compx 2.4G Wireless Receiver: client bug: event processing lagging behind by 33ms, your system is too slow
