[  1725.025] 
X.Org X Server 1.21.1.3
X Protocol Version 11, Revision 0
[  1725.025] Current Operating System: Linux ArchDarko 5.15.53-2-lts #1 SMP Sat, 09 Jul 2022 10:30:57 +0000 x86_64
[  1725.025] Kernel command line: BOOT_IMAGE=/boot/vmlinuz-linux-lts root=UUID=361de468-21ff-480c-bc83-7271d36d5fd2 rw loglevel=3 quiet
[  1725.025]  
[  1725.025] Current version of pixman: 0.40.0
[  1725.025] 	Before reporting problems, check http://wiki.x.org
	to make sure that you have the latest version.
[  1725.025] Markers: (--) probed, (**) from config file, (==) default setting,
	(++) from command line, (!!) notice, (II) informational,
	(WW) warning, (EE) error, (NI) not implemented, (??) unknown.
[  1725.025] (==) Log file: "/home/darko/.local/share/xorg/Xorg.1.log", Time: Wed Jul 13 13:53:25 2022
[  1725.025] (==) Using config directory: "/etc/X11/xorg.conf.d"
[  1725.025] (==) Using system config directory "/usr/share/X11/xorg.conf.d"
[  1725.025] (==) No Layout section.  Using the first Screen section.
[  1725.025] (==) No screen section available. Using defaults.
[  1725.025] (**) |-->Screen "Default Screen Section" (0)
[  1725.025] (**) |   |-->Monitor "<default monitor>"
[  1725.025] (==) No monitor specified for screen "Default Screen Section".
	Using a default monitor configuration.
[  1725.025] (==) Automatically adding devices
[  1725.025] (==) Automatically enabling devices
[  1725.025] (==) Automatically adding GPU devices
[  1725.025] (==) Automatically binding GPU devices
[  1725.025] (==) Max clients allowed: 256, resource mask: 0x1fffff
[  1725.025] (WW) The directory "/usr/share/fonts/misc" does not exist.
[  1725.025] 	Entry deleted from font path.
[  1725.025] (WW) The directory "/usr/share/fonts/TTF" does not exist.
[  1725.025] 	Entry deleted from font path.
[  1725.025] (WW) The directory "/usr/share/fonts/OTF" does not exist.
[  1725.025] 	Entry deleted from font path.
[  1725.025] (WW) The directory "/usr/share/fonts/Type1" does not exist.
[  1725.025] 	Entry deleted from font path.
[  1725.025] (==) FontPath set to:
	/usr/share/fonts/100dpi,
	/usr/share/fonts/75dpi
[  1725.025] (==) ModulePath set to "/usr/lib/xorg/modules"
[  1725.025] (II) The server relies on udev to provide the list of input devices.
	If no devices become available, reconfigure udev or disable AutoAddDevices.
[  1725.025] (II) Module ABI versions:
[  1725.025] 	X.Org ANSI C Emulation: 0.4
[  1725.025] 	X.Org Video Driver: 25.2
[  1725.025] 	X.Org XInput driver : 24.4
[  1725.025] 	X.Org Server Extension : 10.0
[  1725.026] (++) using VT number 2

[  1725.026] (--) controlling tty is VT number 2, auto-enabling KeepTty
[  1725.027] (II) systemd-logind: took control of session /org/freedesktop/login1/session/_33
[  1725.027] (II) xfree86: Adding drm device (/dev/dri/card1)
[  1725.027] (II) Platform probe for /sys/devices/pci0000:00/0000:00:01.0/0000:01:00.0/drm/card1
[  1725.027] (II) systemd-logind: got fd for /dev/dri/card1 226:1 fd 13 paused 0
[  1725.027] (II) xfree86: Adding drm device (/dev/dri/card0)
[  1725.027] (II) Platform probe for /sys/devices/pci0000:00/0000:00:02.0/drm/card0
[  1725.028] (II) systemd-logind: got fd for /dev/dri/card0 226:0 fd 14 paused 0
[  1725.028] (**) OutputClass "nvidia" ModulePath extended to "/usr/lib/nvidia/xorg,/usr/lib/xorg/modules,/usr/lib/xorg/modules"
[  1725.028] (**) OutputClass "nvidia" ModulePath extended to "/usr/lib/nvidia/xorg,/usr/lib/xorg/modules,/usr/lib/nvidia/xorg,/usr/lib/xorg/modules,/usr/lib/xorg/modules"
[  1725.028] (**) OutputClass "nvidia" setting /dev/dri/card1 as PrimaryGPU
[  1725.029] (--) PCI: (0@0:2:0) 8086:3e9b:1043:106f rev 0, Mem @ 0xa2000000/16777216, 0x80000000/268435456, I/O @ 0x00005000/64, BIOS @ 0x????????/131072
[  1725.029] (--) PCI:*(1@0:0:0) 10de:1f91:1043:106f rev 161, Mem @ 0xa3000000/16777216, 0x90000000/268435456, 0xa0000000/33554432, I/O @ 0x00004000/128, BIOS @ 0x????????/524288
[  1725.029] (WW) Open ACPI failed (/var/run/acpid.socket) (No such file or directory)
[  1725.029] (II) LoadModule: "glx"
[  1725.029] (II) Loading /usr/lib/xorg/modules/extensions/libglx.so
[  1725.030] (II) Module glx: vendor="X.Org Foundation"
[  1725.030] 	compiled for 1.21.1.3, module version = 1.0.0
[  1725.030] 	ABI class: X.Org Server Extension, version 10.0
[  1725.030] (II) Applying OutputClass "nvidia" to /dev/dri/card1
[  1725.030] 	loading driver: nvidia
[  1725.030] (II) Applying OutputClass "nvidia" to /dev/dri/card1
[  1725.030] 	loading driver: nvidia
[  1725.030] (II) Applying OutputClass "intel" to /dev/dri/card0
[  1725.030] 	loading driver: modesetting
[  1725.030] (==) Matched nvidia as autoconfigured driver 0
[  1725.030] (==) Matched nouveau as autoconfigured driver 1
[  1725.030] (==) Matched nv as autoconfigured driver 2
[  1725.030] (==) Matched modesetting as autoconfigured driver 3
[  1725.030] (==) Matched intel as autoconfigured driver 4
[  1725.030] (==) Matched fbdev as autoconfigured driver 5
[  1725.030] (==) Matched vesa as autoconfigured driver 6
[  1725.030] (==) Assigned the driver to the xf86ConfigLayout
[  1725.030] (II) LoadModule: "nvidia"
[  1725.030] (II) Loading /usr/lib/xorg/modules/drivers/nvidia_drv.so
[  1725.030] (II) Module nvidia: vendor="NVIDIA Corporation"
[  1725.030] 	compiled for 1.6.99.901, module version = 1.0.0
[  1725.030] 	Module class: X.Org Video Driver
[  1725.031] (II) LoadModule: "nouveau"
[  1725.031] (WW) Warning, couldn't open module nouveau
[  1725.031] (EE) Failed to load module "nouveau" (module does not exist, 0)
[  1725.031] (II) LoadModule: "nv"
[  1725.031] (WW) Warning, couldn't open module nv
[  1725.031] (EE) Failed to load module "nv" (module does not exist, 0)
[  1725.031] (II) LoadModule: "modesetting"
[  1725.031] (II) Loading /usr/lib/xorg/modules/drivers/modesetting_drv.so
[  1725.031] (II) Module modesetting: vendor="X.Org Foundation"
[  1725.031] 	compiled for 1.21.1.3, module version = 1.21.1
[  1725.031] 	Module class: X.Org Video Driver
[  1725.031] 	ABI class: X.Org Video Driver, version 25.2
[  1725.031] (II) LoadModule: "intel"
[  1725.031] (WW) Warning, couldn't open module intel
[  1725.031] (EE) Failed to load module "intel" (module does not exist, 0)
[  1725.031] (II) LoadModule: "fbdev"
[  1725.032] (WW) Warning, couldn't open module fbdev
[  1725.032] (EE) Failed to load module "fbdev" (module does not exist, 0)
[  1725.032] (II) LoadModule: "vesa"
[  1725.032] (II) Loading /usr/lib/xorg/modules/drivers/vesa_drv.so
[  1725.032] (II) Module vesa: vendor="X.Org Foundation"
[  1725.032] 	compiled for 1.21.1.3, module version = 2.5.0
[  1725.032] 	Module class: X.Org Video Driver
[  1725.032] 	ABI class: X.Org Video Driver, version 25.2
[  1725.032] (II) NVIDIA dlloader X Driver  515.57  Wed Jun 22 22:37:27 UTC 2022
[  1725.032] (II) NVIDIA Unified Driver for all Supported NVIDIA GPUs
[  1725.032] (II) modesetting: Driver for Modesetting Kernel Drivers: kms
[  1725.032] (II) VESA: driver for VESA chipsets: vesa
[  1725.032] xf86EnableIO: failed to enable I/O ports 0000-03ff (Operation not permitted)
[  1725.032] (II) systemd-logind: releasing fd for 226:1
[  1725.057] (II) Loading sub module "fb"
[  1725.057] (II) LoadModule: "fb"
[  1725.057] (II) Module "fb" already built-in
[  1725.057] (II) Loading sub module "wfb"
[  1725.057] (II) LoadModule: "wfb"
[  1725.057] (II) Loading /usr/lib/xorg/modules/libwfb.so
[  1725.058] (II) Module wfb: vendor="X.Org Foundation"
[  1725.058] 	compiled for 1.21.1.3, module version = 1.0.0
[  1725.058] 	ABI class: X.Org ANSI C Emulation, version 0.4
[  1725.058] (II) Loading sub module "ramdac"
[  1725.058] (II) LoadModule: "ramdac"
[  1725.058] (II) Module "ramdac" already built-in
[  1725.058] (WW) Falling back to old probe method for modesetting
[  1725.058] (II) modeset(G0): using drv /dev/dri/card0
[  1725.058] (WW) VGA arbiter: cannot open kernel arbiter, no multi-card support
[  1725.058] (II) NVIDIA(0): Creating default Display subsection in Screen section
	"Default Screen Section" for depth/fbbpp 24/32
[  1725.058] (==) NVIDIA(0): Depth 24, (==) framebuffer bpp 32
[  1725.058] (==) NVIDIA(0): RGB weight 888
[  1725.058] (==) NVIDIA(0): Default visual is TrueColor
[  1725.058] (==) NVIDIA(0): Using gamma correction (1.0, 1.0, 1.0)
[  1725.058] (II) Applying OutputClass "nvidia" options to /dev/dri/card1
[  1725.058] (II) Applying OutputClass "nvidia" options to /dev/dri/card1
[  1725.058] (**) NVIDIA(0): Option "AllowEmptyInitialConfiguration"
[  1725.058] (**) NVIDIA(0): Enabling 2D acceleration
[  1725.058] (II) Loading sub module "glxserver_nvidia"
[  1725.058] (II) LoadModule: "glxserver_nvidia"
[  1725.058] (II) Loading /usr/lib/nvidia/xorg/libglxserver_nvidia.so
[  1725.063] (II) Module glxserver_nvidia: vendor="NVIDIA Corporation"
[  1725.063] 	compiled for 1.6.99.901, module version = 1.0.0
[  1725.063] 	Module class: X.Org Server Extension
[  1725.063] (II) NVIDIA GLX Module  515.57  Wed Jun 22 22:33:44 UTC 2022
[  1725.063] (II) NVIDIA: The X server supports PRIME Render Offload.
[  1725.063] (--) NVIDIA(0): Valid display device(s) on GPU-0 at PCI:1:0:0
[  1725.063] (--) NVIDIA(0):     DFP-0 (boot)
[  1725.065] (II) NVIDIA(0): NVIDIA GPU NVIDIA GeForce GTX 1650 (TU117-A) at PCI:1:0:0
[  1725.065] (II) NVIDIA(0):     (GPU-0)
[  1725.065] (--) NVIDIA(0): Memory: 4194304 kBytes
[  1725.065] (--) NVIDIA(0): VideoBIOS: 90.17.15.00.1d
[  1725.065] (II) NVIDIA(0): Detected PCI Express Link width: 16X
[  1725.108] (--) NVIDIA(GPU-0): Samsung LC27T55 (DFP-0): connected
[  1725.108] (--) NVIDIA(GPU-0): Samsung LC27T55 (DFP-0): Internal TMDS
[  1725.108] (--) NVIDIA(GPU-0): Samsung LC27T55 (DFP-0): 600.0 MHz maximum pixel clock
[  1725.108] (--) NVIDIA(GPU-0): 
[  1725.198] (==) NVIDIA(0): 
[  1725.198] (==) NVIDIA(0): No modes were requested; the default mode "nvidia-auto-select"
[  1725.198] (==) NVIDIA(0):     will be used as the requested mode.
[  1725.198] (==) NVIDIA(0): 
[  1725.200] (II) NVIDIA(0): Validated MetaModes:
[  1725.200] (II) NVIDIA(0):     "DFP-0:nvidia-auto-select"
[  1725.200] (II) NVIDIA(0): Virtual screen size determined to be 1920 x 1080
[  1725.299] (--) NVIDIA(0): DPI set to (79, 78); computed from "UseEdidDpi" X config
[  1725.299] (--) NVIDIA(0):     option
[  1725.299] (==) modeset(G0): Depth 24, (==) framebuffer bpp 32
[  1725.299] (==) modeset(G0): RGB weight 888
[  1725.299] (==) modeset(G0): Default visual is TrueColor
[  1725.299] (II) Loading sub module "glamoregl"
[  1725.299] (II) LoadModule: "glamoregl"
[  1725.299] (II) Loading /usr/lib/xorg/modules/libglamoregl.so
[  1725.302] (II) Module glamoregl: vendor="X.Org Foundation"
[  1725.302] 	compiled for 1.21.1.3, module version = 1.0.1
[  1725.302] 	ABI class: X.Org ANSI C Emulation, version 0.4
[  1725.330] (II) modeset(G0): glamor X acceleration enabled on Mesa Intel(R) UHD Graphics 630 (CFL GT2)
[  1725.330] (II) modeset(G0): glamor initialized
[  1725.331] (II) modeset(G0): Output eDP-1-1 has no monitor section
[  1725.333] (II) modeset(G0): EDID for output eDP-1-1
[  1725.333] (II) modeset(G0): Manufacturer: LGD  Model: 563  Serial#: 0
[  1725.333] (II) modeset(G0): Year: 2018  Week: 0
[  1725.333] (II) modeset(G0): EDID Version: 1.4
[  1725.333] (II) modeset(G0): Digital Display Input
[  1725.333] (II) modeset(G0): 8 bits per channel
[  1725.333] (II) modeset(G0): Digital interface is DisplayPort
[  1725.333] (II) modeset(G0): Max Image Size [cm]: horiz.: 34  vert.: 19
[  1725.333] (II) modeset(G0): Gamma: 2.20
[  1725.333] (II) modeset(G0): No DPMS capabilities specified
[  1725.333] (II) modeset(G0): Supported color encodings: RGB 4:4:4 
[  1725.333] (II) modeset(G0): First detailed timing is preferred mode
[  1725.333] (II) modeset(G0): Preferred mode is native pixel format and refresh rate
[  1725.333] (II) modeset(G0): redX: 0.590 redY: 0.370   greenX: 0.350 greenY: 0.555
[  1725.333] (II) modeset(G0): blueX: 0.155 blueY: 0.110   whiteX: 0.313 whiteY: 0.329
[  1725.333] (II) modeset(G0): Manufacturer's mask: 0
[  1725.333] (II) modeset(G0): Supported detailed timing:
[  1725.333] (II) modeset(G0): clock: 138.6 MHz   Image Size:  344 x 194 mm
[  1725.333] (II) modeset(G0): h_active: 1920  h_sync: 1968  h_sync_end 2000 h_blank_end 2080 h_border: 0
[  1725.333] (II) modeset(G0): v_active: 1080  v_sync: 1083  v_sync_end 1088 v_blanking: 1111 v_border: 0
[  1725.333] (II) modeset(G0):  LG Display
[  1725.333] (II) modeset(G0):  LP156WFC-SPD1
[  1725.333] (II) modeset(G0): EDID (in hex):
[  1725.333] (II) modeset(G0): 	00ffffffffffff0030e4630500000000
[  1725.333] (II) modeset(G0): 	001c0104a52213780238d5975e598e27
[  1725.333] (II) modeset(G0): 	1c505400000001010101010101010101
[  1725.333] (II) modeset(G0): 	010101010101243680a070381f403020
[  1725.333] (II) modeset(G0): 	350058c2100000190000000000000000
[  1725.333] (II) modeset(G0): 	00000000000000000000000000fe004c
[  1725.333] (II) modeset(G0): 	4720446973706c61790a2020000000fe
[  1725.333] (II) modeset(G0): 	004c503135365746432d5350443100c0
[  1725.333] (II) modeset(G0): Printing probed modes for output eDP-1-1
[  1725.333] (II) modeset(G0): Modeline "1920x1080"x60.0  138.60  1920 1968 2000 2080  1080 1083 1088 1111 -hsync -vsync (66.6 kHz eP)
[  1725.333] (II) modeset(G0): Modeline "1920x1080"x119.9  266.50  1920 1944 1960 2000  1080 1081 1084 1111 doublescan +hsync -vsync (133.2 kHz d)
[  1725.333] (II) modeset(G0): Modeline "1920x1080"x60.0  173.00  1920 2048 2248 2576  1080 1083 1088 1120 -hsync +vsync (67.2 kHz d)
[  1725.333] (II) modeset(G0): Modeline "1920x1080"x59.9  138.50  1920 1968 2000 2080  1080 1083 1088 1111 +hsync -vsync (66.6 kHz d)
[  1725.333] (II) modeset(G0): Modeline "1680x1050"x60.0  146.25  1680 1784 1960 2240  1050 1053 1059 1089 -hsync +vsync (65.3 kHz d)
[  1725.333] (II) modeset(G0): Modeline "1680x1050"x59.9  119.00  1680 1728 1760 1840  1050 1053 1059 1080 +hsync -vsync (64.7 kHz d)
[  1725.333] (II) modeset(G0): Modeline "1400x1050"x60.0  122.00  1400 1488 1640 1880  1050 1052 1064 1082 +hsync +vsync (64.9 kHz d)
[  1725.333] (II) modeset(G0): Modeline "1600x900"x120.0  246.00  1600 1728 1900 2200  900 901 904 932 doublescan -hsync +vsync (111.8 kHz d)
[  1725.333] (II) modeset(G0): Modeline "1600x900"x119.9  186.50  1600 1624 1640 1680  900 901 904 926 doublescan +hsync -vsync (111.0 kHz d)
[  1725.333] (II) modeset(G0): Modeline "1600x900"x59.9  118.25  1600 1696 1856 2112  900 903 908 934 -hsync +vsync (56.0 kHz d)
[  1725.333] (II) modeset(G0): Modeline "1600x900"x59.8   97.50  1600 1648 1680 1760  900 903 908 926 +hsync -vsync (55.4 kHz d)
[  1725.333] (II) modeset(G0): Modeline "1280x1024"x60.0  108.00  1280 1328 1440 1688  1024 1025 1028 1066 +hsync +vsync (64.0 kHz d)
[  1725.333] (II) modeset(G0): Modeline "1400x900"x60.0  103.50  1400 1480 1624 1848  900 903 913 934 -hsync +vsync (56.0 kHz d)
[  1725.333] (II) modeset(G0): Modeline "1400x900"x59.9   86.50  1400 1448 1480 1560  900 903 913 926 +hsync -vsync (55.4 kHz d)
[  1725.333] (II) modeset(G0): Modeline "1280x960"x60.0  108.00  1280 1376 1488 1800  960 961 964 1000 +hsync +vsync (60.0 kHz d)
[  1725.333] (II) modeset(G0): Modeline "1440x810"x120.0  198.12  1440 1548 1704 1968  810 811 814 839 doublescan -hsync +vsync (100.7 kHz d)
[  1725.333] (II) modeset(G0): Modeline "1440x810"x119.9  151.88  1440 1464 1480 1520  810 811 814 833 doublescan +hsync -vsync (99.9 kHz d)
[  1725.333] (II) modeset(G0): Modeline "1368x768"x59.9   85.25  1368 1440 1576 1784  768 771 781 798 -hsync +vsync (47.8 kHz d)
[  1725.333] (II) modeset(G0): Modeline "1368x768"x59.9   72.25  1368 1416 1448 1528  768 771 781 790 +hsync -vsync (47.3 kHz d)
[  1725.333] (II) modeset(G0): Modeline "1280x800"x120.0  174.25  1280 1380 1516 1752  800 801 804 829 doublescan -hsync +vsync (99.5 kHz d)
[  1725.333] (II) modeset(G0): Modeline "1280x800"x119.9  134.25  1280 1304 1320 1360  800 801 804 823 doublescan +hsync -vsync (98.7 kHz d)
[  1725.333] (II) modeset(G0): Modeline "1280x800"x59.8   83.50  1280 1352 1480 1680  800 803 809 831 -hsync +vsync (49.7 kHz d)
[  1725.333] (II) modeset(G0): Modeline "1280x800"x59.9   71.00  1280 1328 1360 1440  800 803 809 823 +hsync -vsync (49.3 kHz d)
[  1725.333] (II) modeset(G0): Modeline "1280x720"x120.0  156.12  1280 1376 1512 1744  720 721 724 746 doublescan -hsync +vsync (89.5 kHz d)
[  1725.333] (II) modeset(G0): Modeline "1280x720"x120.0  120.75  1280 1304 1320 1360  720 721 724 740 doublescan +hsync -vsync (88.8 kHz d)
[  1725.333] (II) modeset(G0): Modeline "1280x720"x59.9   74.50  1280 1344 1472 1664  720 723 728 748 -hsync +vsync (44.8 kHz d)
[  1725.333] (II) modeset(G0): Modeline "1280x720"x59.7   63.75  1280 1328 1360 1440  720 723 728 741 +hsync -vsync (44.3 kHz d)
[  1725.333] (II) modeset(G0): Modeline "1024x768"x120.1  133.47  1024 1100 1212 1400  768 768 770 794 doublescan -hsync +vsync (95.3 kHz d)
[  1725.333] (II) modeset(G0): Modeline "1024x768"x60.0   65.00  1024 1048 1184 1344  768 771 777 806 -hsync -vsync (48.4 kHz d)
[  1725.333] (II) modeset(G0): Modeline "960x720"x120.0  117.00  960 1024 1128 1300  720 720 722 750 doublescan -hsync +vsync (90.0 kHz d)
[  1725.333] (II) modeset(G0): Modeline "928x696"x120.1  109.15  928 976 1088 1264  696 696 698 719 doublescan -hsync +vsync (86.4 kHz d)
[  1725.333] (II) modeset(G0): Modeline "896x672"x120.0  102.40  896 960 1060 1224  672 672 674 697 doublescan -hsync +vsync (83.7 kHz d)
[  1725.333] (II) modeset(G0): Modeline "1024x576"x119.9   98.50  1024 1092 1200 1376  576 577 580 597 doublescan -hsync +vsync (71.6 kHz d)
[  1725.333] (II) modeset(G0): Modeline "1024x576"x119.9   78.38  1024 1048 1064 1104  576 577 580 592 doublescan +hsync -vsync (71.0 kHz d)
[  1725.333] (II) modeset(G0): Modeline "1024x576"x59.9   46.50  1024 1064 1160 1296  576 579 584 599 -hsync +vsync (35.9 kHz d)
[  1725.333] (II) modeset(G0): Modeline "1024x576"x59.8   42.00  1024 1072 1104 1184  576 579 584 593 +hsync -vsync (35.5 kHz d)
[  1725.333] (II) modeset(G0): Modeline "960x600"x119.9   96.62  960 1028 1128 1296  600 601 604 622 doublescan -hsync +vsync (74.6 kHz d)
[  1725.333] (II) modeset(G0): Modeline "960x600"x120.0   77.00  960 984 1000 1040  600 601 604 617 doublescan +hsync -vsync (74.0 kHz d)
[  1725.333] (II) modeset(G0): Modeline "960x540"x119.9   86.50  960 1024 1124 1288  540 541 544 560 doublescan -hsync +vsync (67.2 kHz d)
[  1725.333] (II) modeset(G0): Modeline "960x540"x120.0   69.25  960 984 1000 1040  540 541 544 555 doublescan +hsync -vsync (66.6 kHz d)
[  1725.333] (II) modeset(G0): Modeline "960x540"x59.6   40.75  960 992 1088 1216  540 543 548 562 -hsync +vsync (33.5 kHz d)
[  1725.333] (II) modeset(G0): Modeline "960x540"x59.8   37.25  960 1008 1040 1120  540 543 548 556 +hsync -vsync (33.3 kHz d)
[  1725.333] (II) modeset(G0): Modeline "800x600"x120.0   81.00  800 832 928 1080  600 600 602 625 doublescan +hsync +vsync (75.0 kHz d)
[  1725.333] (II) modeset(G0): Modeline "800x600"x60.3   40.00  800 840 968 1056  600 601 605 628 +hsync +vsync (37.9 kHz d)
[  1725.333] (II) modeset(G0): Modeline "800x600"x56.2   36.00  800 824 896 1024  600 601 603 625 +hsync +vsync (35.2 kHz d)
[  1725.333] (II) modeset(G0): Modeline "840x525"x120.0   73.12  840 892 980 1120  525 526 529 544 doublescan -hsync +vsync (65.3 kHz d)
[  1725.333] (II) modeset(G0): Modeline "840x525"x119.8   59.50  840 864 880 920  525 526 529 540 doublescan +hsync -vsync (64.7 kHz d)
[  1725.333] (II) modeset(G0): Modeline "864x486"x59.9   32.50  864 888 968 1072  486 489 494 506 -hsync +vsync (30.3 kHz d)
[  1725.333] (II) modeset(G0): Modeline "864x486"x59.6   30.50  864 912 944 1024  486 489 494 500 +hsync -vsync (29.8 kHz d)
[  1725.333] (II) modeset(G0): Modeline "700x525"x120.0   61.00  700 744 820 940  525 526 532 541 doublescan +hsync +vsync (64.9 kHz d)
[  1725.333] (II) modeset(G0): Modeline "800x450"x119.9   59.12  800 848 928 1056  450 451 454 467 doublescan -hsync +vsync (56.0 kHz d)
[  1725.333] (II) modeset(G0): Modeline "800x450"x119.6   48.75  800 824 840 880  450 451 454 463 doublescan +hsync -vsync (55.4 kHz d)
[  1725.333] (II) modeset(G0): Modeline "640x512"x120.0   54.00  640 664 720 844  512 512 514 533 doublescan +hsync +vsync (64.0 kHz d)
[  1725.333] (II) modeset(G0): Modeline "700x450"x119.9   51.75  700 740 812 924  450 451 456 467 doublescan -hsync +vsync (56.0 kHz d)
[  1725.333] (II) modeset(G0): Modeline "700x450"x119.8   43.25  700 724 740 780  450 451 456 463 doublescan +hsync -vsync (55.4 kHz d)
[  1725.333] (II) modeset(G0): Modeline "640x480"x120.0   54.00  640 688 744 900  480 480 482 500 doublescan +hsync +vsync (60.0 kHz d)
[  1725.333] (II) modeset(G0): Modeline "640x480"x59.9   25.18  640 656 752 800  480 490 492 525 -hsync -vsync (31.5 kHz d)
[  1725.333] (II) modeset(G0): Modeline "720x405"x59.5   22.50  720 744 808 896  405 408 413 422 -hsync +vsync (25.1 kHz d)
[  1725.333] (II) modeset(G0): Modeline "720x405"x59.0   21.75  720 768 800 880  405 408 413 419 +hsync -vsync (24.7 kHz d)
[  1725.333] (II) modeset(G0): Modeline "684x384"x119.8   42.62  684 720 788 892  384 385 390 399 doublescan -hsync +vsync (47.8 kHz d)
[  1725.333] (II) modeset(G0): Modeline "684x384"x119.7   36.12  684 708 724 764  384 385 390 395 doublescan +hsync -vsync (47.3 kHz d)
[  1725.333] (II) modeset(G0): Modeline "640x400"x119.8   41.75  640 676 740 840  400 401 404 415 doublescan -hsync +vsync (49.7 kHz d)
[  1725.333] (II) modeset(G0): Modeline "640x400"x120.0   35.50  640 664 680 720  400 401 404 411 doublescan +hsync -vsync (49.3 kHz d)
[  1725.333] (II) modeset(G0): Modeline "640x360"x119.7   37.25  640 672 736 832  360 361 364 374 doublescan -hsync +vsync (44.8 kHz d)
[  1725.333] (II) modeset(G0): Modeline "640x360"x119.7   31.88  640 664 680 720  360 361 364 370 doublescan +hsync -vsync (44.3 kHz d)
[  1725.333] (II) modeset(G0): Modeline "640x360"x59.8   18.00  640 664 720 800  360 363 368 376 -hsync +vsync (22.5 kHz d)
[  1725.333] (II) modeset(G0): Modeline "640x360"x59.3   17.75  640 688 720 800  360 363 368 374 +hsync -vsync (22.2 kHz d)
[  1725.333] (II) modeset(G0): Modeline "512x384"x120.0   32.50  512 524 592 672  384 385 388 403 doublescan -hsync -vsync (48.4 kHz d)
[  1725.333] (II) modeset(G0): Modeline "512x288"x120.0   23.25  512 532 580 648  288 289 292 299 doublescan -hsync +vsync (35.9 kHz d)
[  1725.333] (II) modeset(G0): Modeline "512x288"x119.8   21.00  512 536 552 592  288 289 292 296 doublescan +hsync -vsync (35.5 kHz d)
[  1725.333] (II) modeset(G0): Modeline "480x270"x119.3   20.38  480 496 544 608  270 271 274 281 doublescan -hsync +vsync (33.5 kHz d)
[  1725.333] (II) modeset(G0): Modeline "480x270"x119.6   18.62  480 504 520 560  270 271 274 278 doublescan +hsync -vsync (33.3 kHz d)
[  1725.333] (II) modeset(G0): Modeline "400x300"x120.6   20.00  400 420 484 528  300 300 302 314 doublescan +hsync +vsync (37.9 kHz d)
[  1725.333] (II) modeset(G0): Modeline "400x300"x112.7   18.00  400 412 448 512  300 300 301 312 doublescan +hsync +vsync (35.2 kHz d)
[  1725.333] (II) modeset(G0): Modeline "432x243"x119.8   16.25  432 444 484 536  243 244 247 253 doublescan -hsync +vsync (30.3 kHz d)
[  1725.333] (II) modeset(G0): Modeline "432x243"x119.1   15.25  432 456 472 512  243 244 247 250 doublescan +hsync -vsync (29.8 kHz d)
[  1725.333] (II) modeset(G0): Modeline "320x240"x120.1   12.59  320 328 376 400  240 245 246 262 doublescan -hsync -vsync (31.5 kHz d)
[  1725.333] (II) modeset(G0): Modeline "360x202"x119.0   11.25  360 372 404 448  202 204 206 211 doublescan -hsync +vsync (25.1 kHz d)
[  1725.333] (II) modeset(G0): Modeline "360x202"x118.3   10.88  360 384 400 440  202 204 206 209 doublescan +hsync -vsync (24.7 kHz d)
[  1725.333] (II) modeset(G0): Modeline "320x180"x119.7    9.00  320 332 360 400  180 181 184 188 doublescan -hsync +vsync (22.5 kHz d)
[  1725.333] (II) modeset(G0): Modeline "320x180"x118.6    8.88  320 344 360 400  180 181 184 187 doublescan +hsync -vsync (22.2 kHz d)
[  1725.333] (==) modeset(G0): Using gamma correction (1.0, 1.0, 1.0)
[  1725.333] (==) modeset(G0): DPI set to (96, 96)
[  1725.333] (II) Loading sub module "fb"
[  1725.333] (II) LoadModule: "fb"
[  1725.333] (II) Module "fb" already built-in
[  1725.333] (II) UnloadModule: "vesa"
[  1725.334] (II) Unloading vesa
[  1725.334] (WW) NVIDIA: Failed to bind sideband socket to
[  1725.334] (WW) NVIDIA:     '/var/run/nvidia-xdriver-f852f4bf' Permission denied
[  1725.334] (II) NVIDIA: Reserving 24576.00 MB of virtual memory for indirect memory
[  1725.334] (II) NVIDIA:     access.
[  1725.351] (II) NVIDIA(0): ACPI: failed to connect to the ACPI event daemon; the daemon
[  1725.351] (II) NVIDIA(0):     may not be running or the "AcpidSocketPath" X
[  1725.351] (II) NVIDIA(0):     configuration option may not be set correctly.  When the
[  1725.351] (II) NVIDIA(0):     ACPI event daemon is available, the NVIDIA X driver will
[  1725.351] (II) NVIDIA(0):     try to use it to receive ACPI event notifications.  For
[  1725.351] (II) NVIDIA(0):     details, please see the "ConnectToAcpid" and
[  1725.351] (II) NVIDIA(0):     "AcpidSocketPath" X configuration options in Appendix B: X
[  1725.351] (II) NVIDIA(0):     Config Options in the README.
[  1725.370] (II) NVIDIA(0): Setting mode "DFP-0:nvidia-auto-select"
[  1725.456] (==) NVIDIA(0): Disabling shared memory pixmaps
[  1725.456] (==) NVIDIA(0): Backing store enabled
[  1725.456] (==) NVIDIA(0): Silken mouse enabled
[  1725.456] (==) NVIDIA(0): DPMS enabled
[  1725.456] (WW) NVIDIA(0): Option "PrimaryGPU" is not used
[  1725.456] (II) Loading sub module "dri2"
[  1725.456] (II) LoadModule: "dri2"
[  1725.456] (II) Module "dri2" already built-in
[  1725.456] (II) NVIDIA(0): [DRI2] Setup complete
[  1725.456] (II) NVIDIA(0): [DRI2]   VDPAU driver: nvidia
[  1725.462] (==) modeset(G0): Backing store enabled
[  1725.462] (==) modeset(G0): Silken mouse enabled
[  1725.540] (II) modeset(G0): Initializing kms color map for depth 24, 8 bpc.
[  1725.540] (==) modeset(G0): DPMS enabled
[  1725.540] (II) modeset(G0): [DRI2] Setup complete
[  1725.540] (II) modeset(G0): [DRI2]   DRI driver: iris
[  1725.540] (II) modeset(G0): [DRI2]   VDPAU driver: va_gl
[  1725.540] (II) modeset(G0): Disable reverse prime offload mode for i915.
[  1725.540] (II) Initializing extension Generic Event Extension
[  1725.540] (II) Initializing extension SHAPE
[  1725.541] (II) Initializing extension MIT-SHM
[  1725.541] (II) Initializing extension XInputExtension
[  1725.541] (II) Initializing extension XTEST
[  1725.542] (II) Initializing extension BIG-REQUESTS
[  1725.542] (II) Initializing extension SYNC
[  1725.543] (II) Initializing extension XKEYBOARD
[  1725.543] (II) Initializing extension XC-MISC
[  1725.543] (II) Initializing extension SECURITY
[  1725.544] (II) Initializing extension XFIXES
[  1725.544] (II) Initializing extension RENDER
[  1725.544] (II) Initializing extension RANDR
[  1725.545] (II) Initializing extension COMPOSITE
[  1725.545] (II) Initializing extension DAMAGE
[  1725.545] (II) Initializing extension MIT-SCREEN-SAVER
[  1725.546] (II) Initializing extension DOUBLE-BUFFER
[  1725.546] (II) Initializing extension RECORD
[  1725.546] (II) Initializing extension DPMS
[  1725.547] (II) Initializing extension Present
[  1725.547] (II) Initializing extension DRI3
[  1725.547] (II) Initializing extension X-Resource
[  1725.548] (II) Initializing extension XVideo
[  1725.548] (II) Initializing extension XVideo-MotionCompensation
[  1725.548] (II) Initializing extension GLX
[  1725.548] (II) Initializing extension GLX
[  1725.548] (II) Indirect GLX disabled.
[  1725.548] (II) GLX: Another vendor is already registered for screen 0
[  1725.548] (II) Initializing extension XFree86-VidModeExtension
[  1725.549] (II) Initializing extension XFree86-DGA
[  1725.549] (II) Initializing extension XFree86-DRI
[  1725.549] (II) Initializing extension DRI2
[  1725.549] (II) Initializing extension NV-GLX
[  1725.550] (II) Initializing extension NV-CONTROL
[  1725.550] (II) Initializing extension XINERAMA
[  1725.829] (II) modeset(G0): Damage tracking initialized
[  1725.886] (II) config/udev: Adding input device Power Button (/dev/input/event3)
[  1725.886] (**) Power Button: Applying InputClass "libinput keyboard catchall"
[  1725.886] (II) LoadModule: "libinput"
[  1725.887] (II) Loading /usr/lib/xorg/modules/input/libinput_drv.so
[  1725.888] (II) Module libinput: vendor="X.Org Foundation"
[  1725.888] 	compiled for 1.21.1.3, module version = 1.2.1
[  1725.888] 	Module class: X.Org XInput Driver
[  1725.888] 	ABI class: X.Org XInput driver, version 24.4
[  1725.888] (II) Using input driver 'libinput' for 'Power Button'
[  1725.888] (II) systemd-logind: got fd for /dev/input/event3 13:67 fd 47 paused 0
[  1725.888] (**) Power Button: always reports core events
[  1725.888] (**) Option "Device" "/dev/input/event3"
[  1725.889] (II) event3  - Power Button: is tagged by udev as: Keyboard
[  1725.889] (II) event3  - Power Button: device is a keyboard
[  1725.889] (II) event3  - Power Button: device removed
[  1725.889] (**) Option "config_info" "udev:/sys/devices/LNXSYSTM:00/LNXPWRBN:00/input/input3/event3"
[  1725.889] (II) XINPUT: Adding extended input device "Power Button" (type: KEYBOARD, id 6)
[  1725.890] (II) event3  - Power Button: is tagged by udev as: Keyboard
[  1725.890] (II) event3  - Power Button: device is a keyboard
[  1725.890] (II) config/udev: Adding input device Asus Wireless Radio Control (/dev/input/event13)
[  1725.890] (**) Asus Wireless Radio Control: Applying InputClass "libinput keyboard catchall"
[  1725.890] (II) Using input driver 'libinput' for 'Asus Wireless Radio Control'
[  1725.891] (II) systemd-logind: got fd for /dev/input/event13 13:77 fd 50 paused 0
[  1725.891] (**) Asus Wireless Radio Control: always reports core events
[  1725.891] (**) Option "Device" "/dev/input/event13"
[  1725.891] (II) event13 - Asus Wireless Radio Control: is tagged by udev as: Keyboard
[  1725.891] (II) event13 - Asus Wireless Radio Control: device is a keyboard
[  1725.891] (II) event13 - Asus Wireless Radio Control: device removed
[  1725.891] (**) Option "config_info" "udev:/sys/devices/LNXSYSTM:00/LNXSYBUS:00/ATK4002:00/input/input13/event13"
[  1725.891] (II) XINPUT: Adding extended input device "Asus Wireless Radio Control" (type: KEYBOARD, id 7)
[  1725.892] (II) event13 - Asus Wireless Radio Control: is tagged by udev as: Keyboard
[  1725.892] (II) event13 - Asus Wireless Radio Control: device is a keyboard
[  1725.892] (II) config/udev: Adding input device Video Bus (/dev/input/event24)
[  1725.892] (**) Video Bus: Applying InputClass "libinput keyboard catchall"
[  1725.892] (II) Using input driver 'libinput' for 'Video Bus'
[  1725.893] (II) systemd-logind: got fd for /dev/input/event24 13:88 fd 51 paused 0
[  1725.893] (**) Video Bus: always reports core events
[  1725.893] (**) Option "Device" "/dev/input/event24"
[  1725.893] (II) event24 - Video Bus: is tagged by udev as: Keyboard
[  1725.893] (II) event24 - Video Bus: device is a keyboard
[  1725.893] (II) event24 - Video Bus: device removed
[  1725.893] (**) Option "config_info" "udev:/sys/devices/LNXSYSTM:00/LNXSYBUS:00/PNP0A08:00/LNXVIDEO:00/input/input24/event24"
[  1725.893] (II) XINPUT: Adding extended input device "Video Bus" (type: KEYBOARD, id 8)
[  1725.894] (II) event24 - Video Bus: is tagged by udev as: Keyboard
[  1725.894] (II) event24 - Video Bus: device is a keyboard
[  1725.894] (II) config/udev: Adding input device Video Bus (/dev/input/event25)
[  1725.894] (**) Video Bus: Applying InputClass "libinput keyboard catchall"
[  1725.894] (II) Using input driver 'libinput' for 'Video Bus'
[  1725.895] (II) systemd-logind: got fd for /dev/input/event25 13:89 fd 52 paused 0
[  1725.895] (**) Video Bus: always reports core events
[  1725.895] (**) Option "Device" "/dev/input/event25"
[  1725.895] (II) event25 - Video Bus: is tagged by udev as: Keyboard
[  1725.895] (II) event25 - Video Bus: device is a keyboard
[  1725.895] (II) event25 - Video Bus: device removed
[  1725.895] (**) Option "config_info" "udev:/sys/devices/LNXSYSTM:00/LNXSYBUS:00/PNP0A08:00/device:13/LNXVIDEO:01/input/input25/event25"
[  1725.895] (II) XINPUT: Adding extended input device "Video Bus" (type: KEYBOARD, id 9)
[  1725.896] (II) event25 - Video Bus: is tagged by udev as: Keyboard
[  1725.896] (II) event25 - Video Bus: device is a keyboard
[  1725.897] (II) config/udev: Adding input device Lid Switch (/dev/input/event0)
[  1725.897] (II) No input driver specified, ignoring this device.
[  1725.897] (II) This device may have been added with another device file.
[  1725.897] (II) config/udev: Adding input device Power Button (/dev/input/event2)
[  1725.897] (**) Power Button: Applying InputClass "libinput keyboard catchall"
[  1725.897] (II) Using input driver 'libinput' for 'Power Button'
[  1725.897] (II) systemd-logind: got fd for /dev/input/event2 13:66 fd 53 paused 0
[  1725.897] (**) Power Button: always reports core events
[  1725.897] (**) Option "Device" "/dev/input/event2"
[  1725.898] (II) event2  - Power Button: is tagged by udev as: Keyboard
[  1725.898] (II) event2  - Power Button: device is a keyboard
[  1725.898] (II) event2  - Power Button: device removed
[  1725.898] (**) Option "config_info" "udev:/sys/devices/LNXSYSTM:00/LNXSYBUS:00/PNP0C0C:00/input/input2/event2"
[  1725.898] (II) XINPUT: Adding extended input device "Power Button" (type: KEYBOARD, id 10)
[  1725.898] (II) event2  - Power Button: is tagged by udev as: Keyboard
[  1725.898] (II) event2  - Power Button: device is a keyboard
[  1725.899] (II) config/udev: Adding input device Sleep Button (/dev/input/event1)
[  1725.899] (**) Sleep Button: Applying InputClass "libinput keyboard catchall"
[  1725.899] (II) Using input driver 'libinput' for 'Sleep Button'
[  1725.899] (II) systemd-logind: got fd for /dev/input/event1 13:65 fd 54 paused 0
[  1725.899] (**) Sleep Button: always reports core events
[  1725.899] (**) Option "Device" "/dev/input/event1"
[  1725.899] (II) event1  - Sleep Button: is tagged by udev as: Keyboard
[  1725.899] (II) event1  - Sleep Button: device is a keyboard
[  1725.900] (II) event1  - Sleep Button: device removed
[  1725.900] (**) Option "config_info" "udev:/sys/devices/LNXSYSTM:00/LNXSYBUS:00/PNP0C0E:00/input/input1/event1"
[  1725.900] (II) XINPUT: Adding extended input device "Sleep Button" (type: KEYBOARD, id 11)
[  1725.900] (II) event1  - Sleep Button: is tagged by udev as: Keyboard
[  1725.900] (II) event1  - Sleep Button: device is a keyboard
[  1725.901] (II) config/udev: Adding input device HDA NVidia HDMI/DP,pcm=3 (/dev/input/event20)
[  1725.901] (II) No input driver specified, ignoring this device.
[  1725.901] (II) This device may have been added with another device file.
[  1725.901] (II) config/udev: Adding input device HDA NVidia HDMI/DP,pcm=7 (/dev/input/event21)
[  1725.901] (II) No input driver specified, ignoring this device.
[  1725.901] (II) This device may have been added with another device file.
[  1725.901] (II) config/udev: Adding input device HDA NVidia HDMI/DP,pcm=8 (/dev/input/event22)
[  1725.901] (II) No input driver specified, ignoring this device.
[  1725.901] (II) This device may have been added with another device file.
[  1725.901] (II) config/udev: Adding input device HDA NVidia HDMI/DP,pcm=9 (/dev/input/event23)
[  1725.901] (II) No input driver specified, ignoring this device.
[  1725.901] (II) This device may have been added with another device file.
[  1725.902] (II) config/udev: Adding input device Razer Razer Viper Mini (/dev/input/event5)
[  1725.902] (**) Razer Razer Viper Mini: Applying InputClass "libinput pointer catchall"
[  1725.902] (II) Using input driver 'libinput' for 'Razer Razer Viper Mini'
[  1725.902] (II) systemd-logind: got fd for /dev/input/event5 13:69 fd 55 paused 0
[  1725.902] (**) Razer Razer Viper Mini: always reports core events
[  1725.902] (**) Option "Device" "/dev/input/event5"
[  1725.903] (II) event5  - Razer Razer Viper Mini: is tagged by udev as: Mouse
[  1725.903] (II) event5  - Razer Razer Viper Mini: device is a pointer
[  1725.903] (II) event5  - Razer Razer Viper Mini: device removed
[  1725.903] (**) Option "config_info" "udev:/sys/devices/pci0000:00/0000:00:14.0/usb1/1-3/1-3:1.0/0003:1532:008A.0001/input/input5/event5"
[  1725.903] (II) XINPUT: Adding extended input device "Razer Razer Viper Mini" (type: MOUSE, id 12)
[  1725.903] (**) Option "AccelerationScheme" "none"
[  1725.903] (**) Razer Razer Viper Mini: (accel) selected scheme none/0
[  1725.903] (**) Razer Razer Viper Mini: (accel) acceleration factor: 2.000
[  1725.903] (**) Razer Razer Viper Mini: (accel) acceleration threshold: 4
[  1725.904] (II) event5  - Razer Razer Viper Mini: is tagged by udev as: Mouse
[  1725.904] (II) event5  - Razer Razer Viper Mini: device is a pointer
[  1725.904] (II) config/udev: Adding input device Razer Razer Viper Mini (/dev/input/mouse0)
[  1725.904] (II) No input driver specified, ignoring this device.
[  1725.904] (II) This device may have been added with another device file.
[  1725.905] (II) config/udev: Adding input device Razer Razer Viper Mini Keyboard (/dev/input/event6)
[  1725.905] (**) Razer Razer Viper Mini Keyboard: Applying InputClass "libinput keyboard catchall"
[  1725.905] (II) Using input driver 'libinput' for 'Razer Razer Viper Mini Keyboard'
[  1725.905] (II) systemd-logind: got fd for /dev/input/event6 13:70 fd 56 paused 0
[  1725.905] (**) Razer Razer Viper Mini Keyboard: always reports core events
[  1725.905] (**) Option "Device" "/dev/input/event6"
[  1725.906] (II) event6  - Razer Razer Viper Mini Keyboard: is tagged by udev as: Keyboard
[  1725.906] (II) event6  - Razer Razer Viper Mini Keyboard: device is a keyboard
[  1725.906] (II) event6  - Razer Razer Viper Mini Keyboard: device removed
[  1725.906] (II) libinput: Razer Razer Viper Mini Keyboard: needs a virtual subdevice
[  1725.906] (**) Option "config_info" "udev:/sys/devices/pci0000:00/0000:00:14.0/usb1/1-3/1-3:1.1/0003:1532:008A.0002/input/input6/event6"
[  1725.906] (II) XINPUT: Adding extended input device "Razer Razer Viper Mini Keyboard" (type: MOUSE, id 13)
[  1725.906] (**) Option "AccelerationScheme" "none"
[  1725.906] (**) Razer Razer Viper Mini Keyboard: (accel) selected scheme none/0
[  1725.906] (**) Razer Razer Viper Mini Keyboard: (accel) acceleration factor: 2.000
[  1725.906] (**) Razer Razer Viper Mini Keyboard: (accel) acceleration threshold: 4
[  1725.907] (II) event6  - Razer Razer Viper Mini Keyboard: is tagged by udev as: Keyboard
[  1725.907] (II) event6  - Razer Razer Viper Mini Keyboard: device is a keyboard
[  1725.908] (II) config/udev: Adding input device Razer Razer Viper Mini (/dev/input/event7)
[  1725.908] (II) No input driver specified, ignoring this device.
[  1725.908] (II) This device may have been added with another device file.
[  1725.908] (II) config/udev: Adding input device Razer Razer Viper Mini (/dev/input/event8)
[  1725.908] (**) Razer Razer Viper Mini: Applying InputClass "libinput keyboard catchall"
[  1725.908] (II) Using input driver 'libinput' for 'Razer Razer Viper Mini'
[  1725.908] (II) systemd-logind: got fd for /dev/input/event8 13:72 fd 57 paused 0
[  1725.908] (**) Razer Razer Viper Mini: always reports core events
[  1725.908] (**) Option "Device" "/dev/input/event8"
[  1725.909] (II) event8  - Razer Razer Viper Mini: is tagged by udev as: Keyboard
[  1725.909] (II) event8  - Razer Razer Viper Mini: device is a keyboard
[  1725.909] (II) event8  - Razer Razer Viper Mini: device removed
[  1725.909] (**) Option "config_info" "udev:/sys/devices/pci0000:00/0000:00:14.0/usb1/1-3/1-3:1.2/0003:1532:008A.0003/input/input8/event8"
[  1725.909] (II) XINPUT: Adding extended input device "Razer Razer Viper Mini" (type: KEYBOARD, id 14)
[  1725.910] (II) event8  - Razer Razer Viper Mini: is tagged by udev as: Keyboard
[  1725.910] (II) event8  - Razer Razer Viper Mini: device is a keyboard
[  1725.911] (II) config/udev: Adding input device Compx 2.4G Wireless Receiver (/dev/input/event9)
[  1725.911] (**) Compx 2.4G Wireless Receiver: Applying InputClass "libinput keyboard catchall"
[  1725.911] (II) Using input driver 'libinput' for 'Compx 2.4G Wireless Receiver'
[  1725.911] (II) systemd-logind: got fd for /dev/input/event9 13:73 fd 58 paused 0
[  1725.911] (**) Compx 2.4G Wireless Receiver: always reports core events
[  1725.911] (**) Option "Device" "/dev/input/event9"
[  1725.912] (II) event9  - Compx 2.4G Wireless Receiver: is tagged by udev as: Keyboard
[  1725.912] (II) event9  - Compx 2.4G Wireless Receiver: device is a keyboard
[  1725.912] (II) event9  - Compx 2.4G Wireless Receiver: device removed
[  1725.912] (**) Option "config_info" "udev:/sys/devices/pci0000:00/0000:00:14.0/usb1/1-5/1-5:1.0/0003:25A7:FA70.0004/input/input9/event9"
[  1725.912] (II) XINPUT: Adding extended input device "Compx 2.4G Wireless Receiver" (type: KEYBOARD, id 15)
[  1725.913] (II) event9  - Compx 2.4G Wireless Receiver: is tagged by udev as: Keyboard
[  1725.913] (II) event9  - Compx 2.4G Wireless Receiver: device is a keyboard
[  1725.913] (II) config/udev: Adding input device Compx 2.4G Wireless Receiver Mouse (/dev/input/event10)
[  1725.913] (**) Compx 2.4G Wireless Receiver Mouse: Applying InputClass "libinput pointer catchall"
[  1725.913] (II) Using input driver 'libinput' for 'Compx 2.4G Wireless Receiver Mouse'
[  1725.914] (II) systemd-logind: got fd for /dev/input/event10 13:74 fd 59 paused 0
[  1725.914] (**) Compx 2.4G Wireless Receiver Mouse: always reports core events
[  1725.914] (**) Option "Device" "/dev/input/event10"
[  1725.914] (II) event10 - Compx 2.4G Wireless Receiver Mouse: is tagged by udev as: Mouse
[  1725.915] (II) event10 - Compx 2.4G Wireless Receiver Mouse: device is a pointer
[  1725.915] (II) event10 - Compx 2.4G Wireless Receiver Mouse: device removed
[  1725.915] (**) Option "config_info" "udev:/sys/devices/pci0000:00/0000:00:14.0/usb1/1-5/1-5:1.1/0003:25A7:FA70.0005/input/input10/event10"
[  1725.915] (II) XINPUT: Adding extended input device "Compx 2.4G Wireless Receiver Mouse" (type: MOUSE, id 16)
[  1725.915] (**) Option "AccelerationScheme" "none"
[  1725.915] (**) Compx 2.4G Wireless Receiver Mouse: (accel) selected scheme none/0
[  1725.915] (**) Compx 2.4G Wireless Receiver Mouse: (accel) acceleration factor: 2.000
[  1725.915] (**) Compx 2.4G Wireless Receiver Mouse: (accel) acceleration threshold: 4
[  1725.916] (II) event10 - Compx 2.4G Wireless Receiver Mouse: is tagged by udev as: Mouse
[  1725.916] (II) event10 - Compx 2.4G Wireless Receiver Mouse: device is a pointer
[  1725.916] (II) config/udev: Adding input device Compx 2.4G Wireless Receiver Mouse (/dev/input/mouse1)
[  1725.916] (II) No input driver specified, ignoring this device.
[  1725.916] (II) This device may have been added with another device file.
[  1725.917] (II) config/udev: Adding input device Compx 2.4G Wireless Receiver (/dev/input/event11)
[  1725.917] (II) No input driver specified, ignoring this device.
[  1725.917] (II) This device may have been added with another device file.
[  1725.917] (II) config/udev: Adding input device Compx 2.4G Wireless Receiver Keyboard (/dev/input/event12)
[  1725.917] (**) Compx 2.4G Wireless Receiver Keyboard: Applying InputClass "libinput keyboard catchall"
[  1725.917] (II) Using input driver 'libinput' for 'Compx 2.4G Wireless Receiver Keyboard'
[  1725.917] (II) systemd-logind: got fd for /dev/input/event12 13:76 fd 60 paused 0
[  1725.917] (**) Compx 2.4G Wireless Receiver Keyboard: always reports core events
[  1725.917] (**) Option "Device" "/dev/input/event12"
[  1725.918] (II) event12 - Compx 2.4G Wireless Receiver Keyboard: is tagged by udev as: Keyboard
[  1725.918] (II) event12 - Compx 2.4G Wireless Receiver Keyboard: device is a keyboard
[  1725.918] (II) event12 - Compx 2.4G Wireless Receiver Keyboard: device removed
[  1725.918] (II) libinput: Compx 2.4G Wireless Receiver Keyboard: needs a virtual subdevice
[  1725.918] (**) Option "config_info" "udev:/sys/devices/pci0000:00/0000:00:14.0/usb1/1-5/1-5:1.1/0003:25A7:FA70.0005/input/input12/event12"
[  1725.918] (II) XINPUT: Adding extended input device "Compx 2.4G Wireless Receiver Keyboard" (type: MOUSE, id 17)
[  1725.918] (**) Option "AccelerationScheme" "none"
[  1725.918] (**) Compx 2.4G Wireless Receiver Keyboard: (accel) selected scheme none/0
[  1725.918] (**) Compx 2.4G Wireless Receiver Keyboard: (accel) acceleration factor: 2.000
[  1725.918] (**) Compx 2.4G Wireless Receiver Keyboard: (accel) acceleration threshold: 4
[  1725.919] (II) event12 - Compx 2.4G Wireless Receiver Keyboard: is tagged by udev as: Keyboard
[  1725.919] (II) event12 - Compx 2.4G Wireless Receiver Keyboard: device is a keyboard
[  1725.920] (II) config/udev: Adding input device Asus Keyboard (/dev/input/event14)
[  1725.920] (**) Asus Keyboard: Applying InputClass "libinput keyboard catchall"
[  1725.920] (II) Using input driver 'libinput' for 'Asus Keyboard'
[  1725.920] (II) systemd-logind: got fd for /dev/input/event14 13:78 fd 61 paused 0
[  1725.920] (**) Asus Keyboard: always reports core events
[  1725.920] (**) Option "Device" "/dev/input/event14"
[  1725.921] (II) event14 - Asus Keyboard: is tagged by udev as: Keyboard
[  1725.921] (II) event14 - Asus Keyboard: device is a keyboard
[  1725.921] (II) event14 - Asus Keyboard: device removed
[  1725.921] (**) Option "config_info" "udev:/sys/devices/pci0000:00/0000:00:14.0/usb1/1-8/1-8:1.0/0003:0B05:1866.0006/input/input36/event14"
[  1725.921] (II) XINPUT: Adding extended input device "Asus Keyboard" (type: KEYBOARD, id 18)
[  1725.922] (II) event14 - Asus Keyboard: is tagged by udev as: Keyboard
[  1725.922] (II) event14 - Asus Keyboard: device is a keyboard
[  1725.923] (II) config/udev: Adding input device Asus Keyboard (/dev/input/event258)
[  1725.923] (**) Asus Keyboard: Applying InputClass "libinput keyboard catchall"
[  1725.923] (II) Using input driver 'libinput' for 'Asus Keyboard'
[  1725.924] (II) systemd-logind: got fd for /dev/input/event258 13:258 fd 62 paused 0
[  1725.924] (**) Asus Keyboard: always reports core events
[  1725.924] (**) Option "Device" "/dev/input/event258"
[  1725.925] (II) event258 - Asus Keyboard: is tagged by udev as: Keyboard
[  1725.925] (II) event258 - Asus Keyboard: device is a keyboard
[  1725.925] (II) event258 - Asus Keyboard: device removed
[  1725.925] (**) Option "config_info" "udev:/sys/devices/pci0000:00/0000:00:14.0/usb1/1-8/1-8:1.1/0003:0B05:1866.0007/input/input37/event258"
[  1725.925] (II) XINPUT: Adding extended input device "Asus Keyboard" (type: KEYBOARD, id 19)
[  1725.926] (II) event258 - Asus Keyboard: is tagged by udev as: Keyboard
[  1725.926] (II) event258 - Asus Keyboard: device is a keyboard
[  1725.927] (II) config/udev: Adding input device Asus Keyboard (/dev/input/event19)
[  1725.927] (**) Asus Keyboard: Applying InputClass "libinput keyboard catchall"
[  1725.927] (II) Using input driver 'libinput' for 'Asus Keyboard'
[  1725.928] (II) systemd-logind: got fd for /dev/input/event19 13:83 fd 63 paused 0
[  1725.928] (**) Asus Keyboard: always reports core events
[  1725.928] (**) Option "Device" "/dev/input/event19"
[  1725.928] (II) event19 - Asus Keyboard: is tagged by udev as: Keyboard
[  1725.928] (II) event19 - Asus Keyboard: device is a keyboard
[  1725.929] (II) event19 - Asus Keyboard: device removed
[  1725.929] (II) libinput: Asus Keyboard: needs a virtual subdevice
[  1725.929] (**) Option "config_info" "udev:/sys/devices/pci0000:00/0000:00:14.0/usb1/1-8/1-8:1.2/0003:0B05:1866.0008/input/input40/event19"
[  1725.929] (II) XINPUT: Adding extended input device "Asus Keyboard" (type: MOUSE, id 20)
[  1725.929] (**) Option "AccelerationScheme" "none"
[  1725.929] (**) Asus Keyboard: (accel) selected scheme none/0
[  1725.929] (**) Asus Keyboard: (accel) acceleration factor: 2.000
[  1725.929] (**) Asus Keyboard: (accel) acceleration threshold: 4
[  1725.929] (II) event19 - Asus Keyboard: is tagged by udev as: Keyboard
[  1725.930] (II) event19 - Asus Keyboard: device is a keyboard
[  1725.930] (II) config/udev: Adding input device ELAN1203:00 04F3:307A Mouse (/dev/input/event17)
[  1725.930] (**) ELAN1203:00 04F3:307A Mouse: Applying InputClass "libinput pointer catchall"
[  1725.930] (II) Using input driver 'libinput' for 'ELAN1203:00 04F3:307A Mouse'
[  1725.931] (II) systemd-logind: got fd for /dev/input/event17 13:81 fd 64 paused 0
[  1725.931] (**) ELAN1203:00 04F3:307A Mouse: always reports core events
[  1725.931] (**) Option "Device" "/dev/input/event17"
[  1725.931] (II) event17 - ELAN1203:00 04F3:307A Mouse: is tagged by udev as: Mouse Pointingstick
[  1725.931] (II) event17 - ELAN1203:00 04F3:307A Mouse: device is a pointer
[  1725.932] (II) event17 - ELAN1203:00 04F3:307A Mouse: device removed
[  1725.932] (**) Option "config_info" "udev:/sys/devices/pci0000:00/0000:00:15.1/i2c_designware.1/i2c-1/i2c-ELAN1203:00/0018:04F3:307A.0009/input/input38/event17"
[  1725.932] (II) XINPUT: Adding extended input device "ELAN1203:00 04F3:307A Mouse" (type: MOUSE, id 21)
[  1725.932] (**) Option "AccelerationScheme" "none"
[  1725.932] (**) ELAN1203:00 04F3:307A Mouse: (accel) selected scheme none/0
[  1725.932] (**) ELAN1203:00 04F3:307A Mouse: (accel) acceleration factor: 2.000
[  1725.932] (**) ELAN1203:00 04F3:307A Mouse: (accel) acceleration threshold: 4
[  1725.933] (II) event17 - ELAN1203:00 04F3:307A Mouse: is tagged by udev as: Mouse Pointingstick
[  1725.933] (II) event17 - ELAN1203:00 04F3:307A Mouse: device is a pointer
[  1725.935] (II) config/udev: Adding input device ELAN1203:00 04F3:307A Mouse (/dev/input/mouse2)
[  1725.935] (II) No input driver specified, ignoring this device.
[  1725.935] (II) This device may have been added with another device file.
[  1725.935] (II) config/udev: Adding input device ELAN1203:00 04F3:307A Touchpad (/dev/input/event18)
[  1725.935] (**) ELAN1203:00 04F3:307A Touchpad: Applying InputClass "libinput touchpad catchall"
[  1725.935] (II) Using input driver 'libinput' for 'ELAN1203:00 04F3:307A Touchpad'
[  1725.935] (II) systemd-logind: got fd for /dev/input/event18 13:82 fd 65 paused 0
[  1725.935] (**) ELAN1203:00 04F3:307A Touchpad: always reports core events
[  1725.935] (**) Option "Device" "/dev/input/event18"
[  1725.936] (II) event18 - ELAN1203:00 04F3:307A Touchpad: is tagged by udev as: Touchpad
[  1725.937] (II) event18 - ELAN1203:00 04F3:307A Touchpad: device is a touchpad
[  1725.937] (II) event18 - ELAN1203:00 04F3:307A Touchpad: device removed
[  1725.937] (**) Option "config_info" "udev:/sys/devices/pci0000:00/0000:00:15.1/i2c_designware.1/i2c-1/i2c-ELAN1203:00/0018:04F3:307A.0009/input/input39/event18"
[  1725.937] (II) XINPUT: Adding extended input device "ELAN1203:00 04F3:307A Touchpad" (type: TOUCHPAD, id 22)
[  1725.938] (**) Option "AccelerationScheme" "none"
[  1725.938] (**) ELAN1203:00 04F3:307A Touchpad: (accel) selected scheme none/0
[  1725.938] (**) ELAN1203:00 04F3:307A Touchpad: (accel) acceleration factor: 2.000
[  1725.938] (**) ELAN1203:00 04F3:307A Touchpad: (accel) acceleration threshold: 4
[  1725.938] (II) event18 - ELAN1203:00 04F3:307A Touchpad: is tagged by udev as: Touchpad
[  1725.939] (II) event18 - ELAN1203:00 04F3:307A Touchpad: device is a touchpad
[  1725.939] (II) config/udev: Adding input device ELAN1203:00 04F3:307A Touchpad (/dev/input/mouse3)
[  1725.939] (II) No input driver specified, ignoring this device.
[  1725.939] (II) This device may have been added with another device file.
[  1725.940] (II) config/udev: Adding input device HDA Intel PCH Headphone (/dev/input/event30)
[  1725.940] (II) No input driver specified, ignoring this device.
[  1725.940] (II) This device may have been added with another device file.
[  1725.940] (II) config/udev: Adding input device HDA Intel PCH HDMI/DP,pcm=3 (/dev/input/event31)
[  1725.940] (II) No input driver specified, ignoring this device.
[  1725.940] (II) This device may have been added with another device file.
[  1725.940] (II) config/udev: Adding input device HDA Intel PCH HDMI/DP,pcm=7 (/dev/input/event15)
[  1725.940] (II) No input driver specified, ignoring this device.
[  1725.940] (II) This device may have been added with another device file.
[  1725.940] (II) config/udev: Adding input device HDA Intel PCH HDMI/DP,pcm=8 (/dev/input/event16)
[  1725.940] (II) No input driver specified, ignoring this device.
[  1725.940] (II) This device may have been added with another device file.
[  1725.941] (II) config/udev: Adding input device HDA Intel PCH HDMI/DP,pcm=9 (/dev/input/event256)
[  1725.941] (II) No input driver specified, ignoring this device.
[  1725.941] (II) This device may have been added with another device file.
[  1725.941] (II) config/udev: Adding input device HDA Intel PCH HDMI/DP,pcm=10 (/dev/input/event257)
[  1725.941] (II) No input driver specified, ignoring this device.
[  1725.941] (II) This device may have been added with another device file.
[  1725.941] (II) config/udev: Adding input device Asus WMI hotkeys (/dev/input/event29)
[  1725.941] (**) Asus WMI hotkeys: Applying InputClass "libinput keyboard catchall"
[  1725.941] (II) Using input driver 'libinput' for 'Asus WMI hotkeys'
[  1725.941] (II) systemd-logind: got fd for /dev/input/event29 13:93 fd 66 paused 0
[  1725.941] (**) Asus WMI hotkeys: always reports core events
[  1725.941] (**) Option "Device" "/dev/input/event29"
[  1725.942] (II) event29 - Asus WMI hotkeys: is tagged by udev as: Keyboard
[  1725.942] (II) event29 - Asus WMI hotkeys: device is a keyboard
[  1725.942] (II) event29 - Asus WMI hotkeys: device removed
[  1725.942] (**) Option "config_info" "udev:/sys/devices/platform/asus-nb-wmi/input/input29/event29"
[  1725.942] (II) XINPUT: Adding extended input device "Asus WMI hotkeys" (type: KEYBOARD, id 23)
[  1725.943] (II) event29 - Asus WMI hotkeys: is tagged by udev as: Keyboard
[  1725.943] (II) event29 - Asus WMI hotkeys: device is a keyboard
[  1725.943] (II) config/udev: Adding input device AT Translated Set 2 keyboard (/dev/input/event4)
[  1725.943] (**) AT Translated Set 2 keyboard: Applying InputClass "libinput keyboard catchall"
[  1725.943] (II) Using input driver 'libinput' for 'AT Translated Set 2 keyboard'
[  1725.944] (II) systemd-logind: got fd for /dev/input/event4 13:68 fd 67 paused 0
[  1725.944] (**) AT Translated Set 2 keyboard: always reports core events
[  1725.944] (**) Option "Device" "/dev/input/event4"
[  1725.944] (II) event4  - AT Translated Set 2 keyboard: is tagged by udev as: Keyboard
[  1725.944] (II) event4  - AT Translated Set 2 keyboard: device is a keyboard
[  1725.945] (II) event4  - AT Translated Set 2 keyboard: device removed
[  1725.945] (**) Option "config_info" "udev:/sys/devices/platform/i8042/serio0/input/input4/event4"
[  1725.945] (II) XINPUT: Adding extended input device "AT Translated Set 2 keyboard" (type: KEYBOARD, id 24)
[  1725.946] (II) event4  - AT Translated Set 2 keyboard: is tagged by udev as: Keyboard
[  1725.946] (II) event4  - AT Translated Set 2 keyboard: device is a keyboard
[  1725.947] (II) config/udev: Adding input device PC Speaker (/dev/input/event28)
[  1725.947] (II) No input driver specified, ignoring this device.
[  1725.947] (II) This device may have been added with another device file.
[  1725.950] (**) Razer Razer Viper Mini Keyboard: Applying InputClass "libinput keyboard catchall"
[  1725.950] (II) Using input driver 'libinput' for 'Razer Razer Viper Mini Keyboard'
[  1725.950] (II) systemd-logind: returning pre-existing fd for /dev/input/event6 13:70
[  1725.950] (**) Razer Razer Viper Mini Keyboard: always reports core events
[  1725.950] (**) Option "Device" "/dev/input/event6"
[  1725.950] (II) libinput: Razer Razer Viper Mini Keyboard: is a virtual subdevice
[  1725.950] (**) Option "config_info" "udev:/sys/devices/pci0000:00/0000:00:14.0/usb1/1-3/1-3:1.1/0003:1532:008A.0002/input/input6/event6"
[  1725.950] (II) XINPUT: Adding extended input device "Razer Razer Viper Mini Keyboard" (type: KEYBOARD, id 25)
[  1725.951] (**) Compx 2.4G Wireless Receiver Keyboard: Applying InputClass "libinput keyboard catchall"
[  1725.951] (II) Using input driver 'libinput' for 'Compx 2.4G Wireless Receiver Keyboard'
[  1725.951] (II) systemd-logind: returning pre-existing fd for /dev/input/event12 13:76
[  1725.951] (**) Compx 2.4G Wireless Receiver Keyboard: always reports core events
[  1725.951] (**) Option "Device" "/dev/input/event12"
[  1725.951] (II) libinput: Compx 2.4G Wireless Receiver Keyboard: is a virtual subdevice
[  1725.951] (**) Option "config_info" "udev:/sys/devices/pci0000:00/0000:00:14.0/usb1/1-5/1-5:1.1/0003:25A7:FA70.0005/input/input12/event12"
[  1725.951] (II) XINPUT: Adding extended input device "Compx 2.4G Wireless Receiver Keyboard" (type: KEYBOARD, id 26)
[  1725.951] (**) Asus Keyboard: Applying InputClass "libinput keyboard catchall"
[  1725.951] (II) Using input driver 'libinput' for 'Asus Keyboard'
[  1725.951] (II) systemd-logind: returning pre-existing fd for /dev/input/event19 13:83
[  1725.951] (**) Asus Keyboard: always reports core events
[  1725.951] (**) Option "Device" "/dev/input/event19"
[  1725.951] (II) libinput: Asus Keyboard: is a virtual subdevice
[  1725.951] (**) Option "config_info" "udev:/sys/devices/pci0000:00/0000:00:14.0/usb1/1-8/1-8:1.2/0003:0B05:1866.0008/input/input40/event19"
[  1725.951] (II) XINPUT: Adding extended input device "Asus Keyboard" (type: KEYBOARD, id 27)
[  1726.034] (--) NVIDIA(GPU-0): Samsung LC27T55 (DFP-0): connected
[  1726.034] (--) NVIDIA(GPU-0): Samsung LC27T55 (DFP-0): Internal TMDS
[  1726.034] (--) NVIDIA(GPU-0): Samsung LC27T55 (DFP-0): 600.0 MHz maximum pixel clock
[  1726.034] (--) NVIDIA(GPU-0): 
[  1726.756] (--) NVIDIA(GPU-0): Samsung LC27T55 (DFP-0): connected
[  1726.756] (--) NVIDIA(GPU-0): Samsung LC27T55 (DFP-0): Internal TMDS
[  1726.756] (--) NVIDIA(GPU-0): Samsung LC27T55 (DFP-0): 600.0 MHz maximum pixel clock
[  1726.756] (--) NVIDIA(GPU-0): 
[  1726.799] (--) NVIDIA(GPU-0): Samsung LC27T55 (DFP-0): connected
[  1726.799] (--) NVIDIA(GPU-0): Samsung LC27T55 (DFP-0): Internal TMDS
[  1726.799] (--) NVIDIA(GPU-0): Samsung LC27T55 (DFP-0): 600.0 MHz maximum pixel clock
[  1726.799] (--) NVIDIA(GPU-0): 
[  1726.858] (II) NVIDIA(0): Setting mode "HDMI-0: 1920x1080_75 @1920x1080 +1920+0 {ViewPortIn=1920x1080, ViewPortOut=1920x1080+0+0}"
[  1726.978] (--) NVIDIA(GPU-0): Samsung LC27T55 (DFP-0): connected
[  1726.978] (--) NVIDIA(GPU-0): Samsung LC27T55 (DFP-0): Internal TMDS
[  1726.978] (--) NVIDIA(GPU-0): Samsung LC27T55 (DFP-0): 600.0 MHz maximum pixel clock
[  1726.978] (--) NVIDIA(GPU-0): 
[  1727.022] (--) NVIDIA(GPU-0): Samsung LC27T55 (DFP-0): connected
[  1727.022] (--) NVIDIA(GPU-0): Samsung LC27T55 (DFP-0): Internal TMDS
[  1727.022] (--) NVIDIA(GPU-0): Samsung LC27T55 (DFP-0): 600.0 MHz maximum pixel clock
[  1727.022] (--) NVIDIA(GPU-0): 
[  1727.184] (--) NVIDIA(GPU-0): Samsung LC27T55 (DFP-0): connected
[  1727.184] (--) NVIDIA(GPU-0): Samsung LC27T55 (DFP-0): Internal TMDS
[  1727.184] (--) NVIDIA(GPU-0): Samsung LC27T55 (DFP-0): 600.0 MHz maximum pixel clock
[  1727.184] (--) NVIDIA(GPU-0): 
[  1727.228] (--) NVIDIA(GPU-0): Samsung LC27T55 (DFP-0): connected
[  1727.228] (--) NVIDIA(GPU-0): Samsung LC27T55 (DFP-0): Internal TMDS
[  1727.228] (--) NVIDIA(GPU-0): Samsung LC27T55 (DFP-0): 600.0 MHz maximum pixel clock
[  1727.228] (--) NVIDIA(GPU-0): 
[  1727.293] (--) NVIDIA(GPU-0): Samsung LC27T55 (DFP-0): connected
[  1727.293] (--) NVIDIA(GPU-0): Samsung LC27T55 (DFP-0): Internal TMDS
[  1727.293] (--) NVIDIA(GPU-0): Samsung LC27T55 (DFP-0): 600.0 MHz maximum pixel clock
[  1727.293] (--) NVIDIA(GPU-0): 
[  1727.337] (--) NVIDIA(GPU-0): Samsung LC27T55 (DFP-0): connected
[  1727.337] (--) NVIDIA(GPU-0): Samsung LC27T55 (DFP-0): Internal TMDS
[  1727.337] (--) NVIDIA(GPU-0): Samsung LC27T55 (DFP-0): 600.0 MHz maximum pixel clock
[  1727.337] (--) NVIDIA(GPU-0): 
[  1727.393] (--) NVIDIA(GPU-0): Samsung LC27T55 (DFP-0): connected
[  1727.393] (--) NVIDIA(GPU-0): Samsung LC27T55 (DFP-0): Internal TMDS
[  1727.393] (--) NVIDIA(GPU-0): Samsung LC27T55 (DFP-0): 600.0 MHz maximum pixel clock
[  1727.393] (--) NVIDIA(GPU-0): 
[  1727.437] (--) NVIDIA(GPU-0): Samsung LC27T55 (DFP-0): connected
[  1727.437] (--) NVIDIA(GPU-0): Samsung LC27T55 (DFP-0): Internal TMDS
[  1727.437] (--) NVIDIA(GPU-0): Samsung LC27T55 (DFP-0): 600.0 MHz maximum pixel clock
[  1727.437] (--) NVIDIA(GPU-0): 
[  1727.493] (--) NVIDIA(GPU-0): Samsung LC27T55 (DFP-0): connected
[  1727.493] (--) NVIDIA(GPU-0): Samsung LC27T55 (DFP-0): Internal TMDS
[  1727.493] (--) NVIDIA(GPU-0): Samsung LC27T55 (DFP-0): 600.0 MHz maximum pixel clock
[  1727.493] (--) NVIDIA(GPU-0): 
[  1727.537] (--) NVIDIA(GPU-0): Samsung LC27T55 (DFP-0): connected
[  1727.537] (--) NVIDIA(GPU-0): Samsung LC27T55 (DFP-0): Internal TMDS
[  1727.537] (--) NVIDIA(GPU-0): Samsung LC27T55 (DFP-0): 600.0 MHz maximum pixel clock
[  1727.537] (--) NVIDIA(GPU-0): 
[  1727.594] (--) NVIDIA(GPU-0): Samsung LC27T55 (DFP-0): connected
[  1727.594] (--) NVIDIA(GPU-0): Samsung LC27T55 (DFP-0): Internal TMDS
[  1727.594] (--) NVIDIA(GPU-0): Samsung LC27T55 (DFP-0): 600.0 MHz maximum pixel clock
[  1727.594] (--) NVIDIA(GPU-0): 
[  1727.637] (--) NVIDIA(GPU-0): Samsung LC27T55 (DFP-0): connected
[  1727.637] (--) NVIDIA(GPU-0): Samsung LC27T55 (DFP-0): Internal TMDS
[  1727.637] (--) NVIDIA(GPU-0): Samsung LC27T55 (DFP-0): 600.0 MHz maximum pixel clock
[  1727.637] (--) NVIDIA(GPU-0): 
[  1727.736] (--) NVIDIA(GPU-0): Samsung LC27T55 (DFP-0): connected
[  1727.736] (--) NVIDIA(GPU-0): Samsung LC27T55 (DFP-0): Internal TMDS
[  1727.736] (--) NVIDIA(GPU-0): Samsung LC27T55 (DFP-0): 600.0 MHz maximum pixel clock
[  1727.736] (--) NVIDIA(GPU-0): 
[  1727.781] (--) NVIDIA(GPU-0): Samsung LC27T55 (DFP-0): connected
[  1727.781] (--) NVIDIA(GPU-0): Samsung LC27T55 (DFP-0): Internal TMDS
[  1727.781] (--) NVIDIA(GPU-0): Samsung LC27T55 (DFP-0): 600.0 MHz maximum pixel clock
[  1727.781] (--) NVIDIA(GPU-0): 
[  1977.367] (**) Option "fd" "47"
[  1977.367] (II) event3  - Power Button: device removed
[  1977.367] (**) Option "fd" "50"
[  1977.367] (II) event13 - Asus Wireless Radio Control: device removed
[  1977.367] (**) Option "fd" "51"
[  1977.367] (II) event24 - Video Bus: device removed
[  1977.367] (**) Option "fd" "52"
[  1977.367] (II) event25 - Video Bus: device removed
[  1977.367] (**) Option "fd" "53"
[  1977.367] (II) event2  - Power Button: device removed
[  1977.367] (**) Option "fd" "54"
[  1977.367] (II) event1  - Sleep Button: device removed
[  1977.367] (**) Option "fd" "55"
[  1977.367] (II) event5  - Razer Razer Viper Mini: device removed
[  1977.367] (**) Option "fd" "56"
[  1977.367] (**) Option "fd" "57"
[  1977.367] (II) event8  - Razer Razer Viper Mini: device removed
[  1977.367] (**) Option "fd" "58"
[  1977.367] (II) event9  - Compx 2.4G Wireless Receiver: device removed
[  1977.367] (**) Option "fd" "59"
[  1977.367] (II) event10 - Compx 2.4G Wireless Receiver Mouse: device removed
[  1977.368] (**) Option "fd" "60"
[  1977.368] (**) Option "fd" "61"
[  1977.368] (II) event14 - Asus Keyboard: device removed
[  1977.368] (**) Option "fd" "62"
[  1977.368] (II) event258 - Asus Keyboard: device removed
[  1977.368] (**) Option "fd" "63"
[  1977.368] (**) Option "fd" "64"
[  1977.368] (II) event17 - ELAN1203:00 04F3:307A Mouse: device removed
[  1977.368] (**) Option "fd" "65"
[  1977.368] (II) event18 - ELAN1203:00 04F3:307A Touchpad: device removed
[  1977.368] (**) Option "fd" "66"
[  1977.368] (II) event29 - Asus WMI hotkeys: device removed
[  1977.368] (**) Option "fd" "67"
[  1977.368] (II) event4  - AT Translated Set 2 keyboard: device removed
[  1977.368] (**) Option "fd" "56"
[  1977.368] (II) event6  - Razer Razer Viper Mini Keyboard: device removed
[  1977.368] (**) Option "fd" "60"
[  1977.368] (II) event12 - Compx 2.4G Wireless Receiver Keyboard: device removed
[  1977.368] (**) Option "fd" "63"
[  1977.368] (II) event19 - Asus Keyboard: device removed
[  1977.378] (II) UnloadModule: "libinput"
[  1977.378] (II) systemd-logind: not releasing fd for 13:83, still in use
[  1977.378] (II) UnloadModule: "libinput"
[  1977.378] (II) systemd-logind: not releasing fd for 13:76, still in use
[  1977.378] (II) UnloadModule: "libinput"
[  1977.378] (II) systemd-logind: not releasing fd for 13:70, still in use
[  1977.378] (II) UnloadModule: "libinput"
[  1977.378] (II) systemd-logind: releasing fd for 13:68
[  1977.462] (II) UnloadModule: "libinput"
[  1977.462] (II) systemd-logind: releasing fd for 13:93
[  1977.552] (II) UnloadModule: "libinput"
[  1977.552] (II) systemd-logind: releasing fd for 13:82
[  1977.622] (II) UnloadModule: "libinput"
[  1977.622] (II) systemd-logind: releasing fd for 13:81
[  1977.692] (II) UnloadModule: "libinput"
[  1977.692] (II) systemd-logind: releasing fd for 13:83
[  1977.732] (II) UnloadModule: "libinput"
[  1977.732] (II) systemd-logind: releasing fd for 13:258
[  1977.782] (II) UnloadModule: "libinput"
[  1977.782] (II) systemd-logind: releasing fd for 13:78
[  1977.842] (II) UnloadModule: "libinput"
[  1977.842] (II) systemd-logind: releasing fd for 13:76
[  1977.922] (II) UnloadModule: "libinput"
[  1977.922] (II) systemd-logind: releasing fd for 13:74
[  1977.982] (II) UnloadModule: "libinput"
[  1977.982] (II) systemd-logind: releasing fd for 13:73
[  1978.042] (II) UnloadModule: "libinput"
[  1978.042] (II) systemd-logind: releasing fd for 13:72
[  1978.082] (II) UnloadModule: "libinput"
[  1978.082] (II) systemd-logind: releasing fd for 13:70
[  1978.132] (II) UnloadModule: "libinput"
[  1978.132] (II) systemd-logind: releasing fd for 13:69
[  1978.172] (II) UnloadModule: "libinput"
[  1978.172] (II) systemd-logind: releasing fd for 13:65
[  1978.222] (II) UnloadModule: "libinput"
[  1978.222] (II) systemd-logind: releasing fd for 13:66
[  1978.292] (II) UnloadModule: "libinput"
[  1978.292] (II) systemd-logind: releasing fd for 13:89
[  1978.352] (II) UnloadModule: "libinput"
[  1978.352] (II) systemd-logind: releasing fd for 13:88
[  1978.392] (II) UnloadModule: "libinput"
[  1978.392] (II) systemd-logind: releasing fd for 13:77
[  1978.433] (II) UnloadModule: "libinput"
[  1978.433] (II) systemd-logind: releasing fd for 13:67
[  1978.652] (WW) xf86OpenConsole: VT_ACTIVATE failed: Input/output error
[  1978.652] (EE) 
Fatal server error:
[  1978.652] (EE) xf86OpenConsole: Switching VT failed
[  1978.652] (EE) 
[  1978.652] (EE) 
Please consult the The X.Org Foundation support 
	 at http://wiki.x.org
 for help. 
[  1978.652] (EE) Please also check the log file at "/home/darko/.local/share/xorg/Xorg.1.log" for additional information.
[  1978.652] (EE) 
[  1978.652] (WW) xf86CloseConsole: KDSETMODE failed: Input/output error
[  1978.652] (WW) xf86CloseConsole: VT_GETMODE failed: Input/output error
[  1978.652] (WW) xf86OpenConsole: VT_GETSTATE failed: Input/output error
[  1978.653] (EE) Server terminated with error (1). Closing log file.
